
[sy:git] s:handle_diff()
chdir(/home/simrat39/dotfiles)
chdir(/home/simrat39/.config/nvim/autoload/plugged/vim-signify/autoload/sy)
chdir(/home/simrat39/dotfiles)
line 31: sourcing "/home/simrat39/.config/nvim/autoload/plugged/vim-signify/autoload/sy/sign.vim"
finished sourcing /home/simrat39/.config/nvim/autoload/plugged/vim-signify/autoload/sy/sign.vim
continuing in function <SNR>117_callback_nvim_exit[1]..<SNR>117_handle_diff
[sy:git] sy#sign#set_signs()
chdir(/home/simrat39/dotfiles)
chdir(/home/simrat39/.config/nvim/autoload/plugged/vim-signify/autoload/sy)
chdir(/home/simrat39/dotfiles)
line 17: sourcing "/home/simrat39/.config/nvim/autoload/plugged/vim-signify/autoload/sy/highlight.vim"
finished sourcing /home/simrat39/.config/nvim/autoload/plugged/vim-signify/autoload/sy/highlight.vim
continuing in function <SNR>117_callback_nvim_exit[1]..<SNR>117_handle_diff[31]..sy#sign#set_signs
--- Signs ---

[sy:git] Successful exit value, but no diff. Keep VCS for time being.
[sy:svn] s:handle_diff()
[sy:svn] No valid diff found. Disabling this VCS.

Executing QuitPre Autocommands for "*"
autocommand let s:vim_quitting = 1

chdir(/home/simrat39/dotfiles)
chdir(.config/nvim)
chdir(/home/simrat39/dotfiles)
Executing BufWinLeave Autocommands for "*"
autocommand call s:Autocmd('BufWinLeave', +expand('<abuf>'), bufwinid(+expand('<abuf>')))

chdir(/home/simrat39/dotfiles)
chdir(.config/nvim)
chdir(/home/simrat39/dotfiles)
Executing BufUnload Autocommands for "*"
autocommand call <sid>on_window_changed('BufUnload')

Executing BufUnload Autocommands for "*"
autocommand call s:Autocmd('BufUnload', +expand('<abuf>'))

Executing BufUnload Autocommands for "*"
autocommand call airline#extensions#tabline#buflist#invalidate()

Executing VimLeavePre Autocommands for "*"
autocommand let g:coc_vim_leaving = 1

Executing VimLeavePre Autocommands for "*"
autocommand lua vim.lsp._vim_exit_handler()

Writing ShaDa file "/home/simrat39/.local/share/nvim/shada/main.shada"
chdir(/home/simrat39/dotfiles)
chdir(/opt/flutter/packages/flutter/lib/src/material)
chdir(/home/simrat39/dotfiles)
chdir(/home/simrat39/dotfiles)
chdir(/home/simrat39/dev/animetwistflut/lib)
chdir(/home/simrat39/dotfiles)
chdir(/home/simrat39/dotfiles)
chdir(/home/simrat39/dev/animetwistflut/lib/exceptions)
chdir(/home/simrat39/dotfiles)
chdir(/home/simrat39/dotfiles)
chdir(/home/simrat39/dotfiles/.config/nvim/novs)
chdir(/home/simrat39/dotfiles)
chdir(/home/simrat39/dotfiles)
chdir(/home/simrat39/dotfiles/.config/nvim/novs/plug-config)
chdir(/home/simrat39/dotfiles)
chdir(/home/simrat39/dotfiles)
chdir(/home/simrat39/dotfiles/.config/nvim/novs/vim-plug)
chdir(/home/simrat39/dotfiles)
chdir(/home/simrat39/dotfiles)
chdir(/home/simrat39/dotfiles/.config/nvim/novs/plug-config)
chdir(/home/simrat39/dotfiles)
chdir(/home/simrat39/dotfiles)
chdir(/home/simrat39)
chdir(/home/simrat39/dotfiles)
chdir(/home/simrat39/dotfiles)
chdir(/opt/flutter/packages/flutter/lib/src/services)
chdir(/home/simrat39/dotfiles)
chdir(/home/simrat39/dotfiles)
chdir(/home/simrat39/dotfiles/.config/nvim/novs/plug-config)
chdir(/home/simrat39/dotfiles)
chdir(/home/simrat39/dotfiles)
chdir(/home/simrat39/dotfiles/.config/nvim/novs/plug-config)
chdir(/home/simrat39/dotfiles)

NVIM v0.5.0-828-g0a95549d6
Build type: RelWithDebInfo
LuaJIT 2.1.0-beta3
Compilation: /usr/bin/gcc-5 -U_FORTIFY_SOURCE -D_FORTIFY_SOURCE=1 -O2 -g -Og -g -Wall -Wextra -pedantic -Wno-unused-parameter -Wstrict-prototypes -std=gnu99 -Wshadow -Wconversion -Wmissing-prototypes -Wvla -fstack-protector-strong -fno-common -fdiagnostics-color=auto -DINCLUDE_GENERATED_DECLARATIONS -D_GNU_SOURCE -DNVIM_MSGPACK_HAS_FLOAT32 -DNVIM_UNIBI_HAS_VAR_FROM -DMIN_LOG_LEVEL=3 -I/home/travis/build/neovim/bot-ci/build/neovim/build/config -I/home/travis/build/neovim/bot-ci/build/neovim/src -I/home/travis/build/neovim/bot-ci/build/neovim/.deps/usr/include -I/usr/include -I/home/travis/build/neovim/bot-ci/build/neovim/build/src/nvim/auto -I/home/travis/build/neovim/bot-ci/build/neovim/build/include
Compiled by travis@travis-job-abaca5c2-51e7-4cf1-bc06-8cf3e644ab24

Features: +acl +iconv +tui
See ":help feature-compile"

   system vimrc file: "$VIM/sysinit.vim"
  fall-back for $VIM: "/share/nvim"

Run :checkhealth for more info