
chdir(/home/simrat39/dotfiles/.config/nvim)
chdir(/etc/xdg//nvim)
chdir(/home/simrat39/dotfiles/.config/nvim)
could not source "/etc/xdg//nvim/sysinit.vim"
chdir(/home/simrat39/dotfiles/.config/nvim)
chdir(/usr/share/nvim)
chdir(/home/simrat39/dotfiles/.config/nvim)
sourcing "$VIM/sysinit.vim"
finished sourcing $VIM/sysinit.vim
chdir(/home/simrat39/dotfiles/.config/nvim)
chdir(/home/simrat39/.config/nvim)
chdir(/home/simrat39/dotfiles/.config/nvim)
sourcing "/home/simrat39/.config/nvim/init.vim"
chdir(/home/simrat39/dotfiles/.config/nvim)
chdir(/home/simrat39/.config/nvim/novs)
chdir(/home/simrat39/dotfiles/.config/nvim)
line 4: sourcing "/home/simrat39/.config/nvim/novs/init.vim"
chdir(/home/simrat39/dotfiles/.config/nvim)
chdir(/home/simrat39/.config/nvim/novs/general)
chdir(/home/simrat39/dotfiles/.config/nvim)
line 1: sourcing "/home/simrat39/.config/nvim/novs/general/settings.vim"
chdir(/home/simrat39/dotfiles/.config/nvim)
chdir(/usr/share/nvim/runtime/syntax)
chdir(/home/simrat39/dotfiles/.config/nvim)
line 4: sourcing "/usr/share/nvim/runtime/syntax/syntax.vim"
chdir(/home/simrat39/dotfiles/.config/nvim)
chdir(/usr/share/nvim/runtime/syntax)
chdir(/home/simrat39/dotfiles/.config/nvim)
line 19: sourcing "/usr/share/nvim/runtime/syntax/synload.vim"
chdir(/home/simrat39/dotfiles/.config/nvim)
chdir(/usr/share/nvim/runtime/syntax)
chdir(/home/simrat39/dotfiles/.config/nvim)
line 21: sourcing "/usr/share/nvim/runtime/syntax/syncolor.vim"
finished sourcing /usr/share/nvim/runtime/syntax/syncolor.vim
continuing in /usr/share/nvim/runtime/syntax/synload.vim
not found in 'packpath': "pack/*/start/*/syntax/syncolor.vim"
finished sourcing /usr/share/nvim/runtime/syntax/synload.vim
continuing in /usr/share/nvim/runtime/syntax/syntax.vim
chdir(/home/simrat39/dotfiles/.config/nvim)
chdir(/usr/share/nvim/runtime)
chdir(/home/simrat39/dotfiles/.config/nvim)
line 25: sourcing "/usr/share/nvim/runtime/filetype.vim"
chdir(/home/simrat39/dotfiles/.config/nvim)
chdir(/usr/share/vim/vimfiles/ftdetect)
chdir(/home/simrat39/dotfiles/.config/nvim)
line 2229: sourcing "/usr/share/vim/vimfiles/ftdetect/PKGBUILD.vim"
finished sourcing /usr/share/vim/vimfiles/ftdetect/PKGBUILD.vim
continuing in /usr/share/nvim/runtime/filetype.vim
not found in 'packpath': "pack/*/start/*/ftdetect/*.vim"
finished sourcing /usr/share/nvim/runtime/filetype.vim
continuing in /usr/share/nvim/runtime/syntax/syntax.vim
not found in 'packpath': "pack/*/start/*/filetype.vim"
finished sourcing /usr/share/nvim/runtime/syntax/syntax.vim
continuing in /home/simrat39/dotfiles/.config/nvim/novs/general/settings.vim
chdir(/home/simrat39/dotfiles/.config/nvim)
chdir(/usr/share/nvim/runtime/syntax)
chdir(/home/simrat39/dotfiles/.config/nvim)
line 27: sourcing "/usr/share/nvim/runtime/syntax/syncolor.vim"
finished sourcing /usr/share/nvim/runtime/syntax/syncolor.vim
continuing in /home/simrat39/dotfiles/.config/nvim/novs/general/settings.vim
not found in 'packpath': "pack/*/start/*/syntax/syncolor.vim"
finished sourcing /home/simrat39/.config/nvim/novs/general/settings.vim
continuing in /home/simrat39/dotfiles/.config/nvim/novs/init.vim
chdir(/home/simrat39/dotfiles/.config/nvim)
chdir(/home/simrat39/.config/nvim/novs/keys)
chdir(/home/simrat39/dotfiles/.config/nvim)
line 2: sourcing "/home/simrat39/.config/nvim/novs/keys/mappings.vim"
finished sourcing /home/simrat39/.config/nvim/novs/keys/mappings.vim
continuing in /home/simrat39/dotfiles/.config/nvim/novs/init.vim
chdir(/home/simrat39/dotfiles/.config/nvim)
chdir(/home/simrat39/.config/nvim/novs/vim-plug)
chdir(/home/simrat39/dotfiles/.config/nvim)
line 3: sourcing "/home/simrat39/.config/nvim/novs/vim-plug/plugins.vim"
chdir(/home/simrat39/dotfiles/.config/nvim)
chdir(/home/simrat39/.config/nvim/autoload)
chdir(/home/simrat39/dotfiles/.config/nvim)
line 9: sourcing "/home/simrat39/.config/nvim/autoload/plug.vim"
finished sourcing /home/simrat39/.config/nvim/autoload/plug.vim
continuing in /home/simrat39/dotfiles/.config/nvim/novs/vim-plug/plugins.vim
chdir(/home/simrat39/dotfiles/.config/nvim)
chdir(/usr/share/nvim/runtime)
chdir(/home/simrat39/dotfiles/.config/nvim)
line 14: sourcing "/usr/share/nvim/runtime/ftoff.vim"
finished sourcing /usr/share/nvim/runtime/ftoff.vim
continuing in function plug#end
not found in 'packpath': "pack/*/start/*/ftoff.vim"
chdir(/home/simrat39/dotfiles/.config/nvim)
chdir(/usr/share/nvim/runtime)
chdir(/home/simrat39/dotfiles/.config/nvim)
line 83: sourcing "/usr/share/nvim/runtime/filetype.vim"
chdir(/home/simrat39/dotfiles/.config/nvim)
chdir(/home/simrat39/.config/nvim/autoload/plugged/ultisnips/ftdetect)
chdir(/home/simrat39/dotfiles/.config/nvim)
line 2229: sourcing "/home/simrat39/.config/nvim/autoload/plugged/ultisnips/ftdetect/snippets.vim"
finished sourcing /home/simrat39/.config/nvim/autoload/plugged/ultisnips/ftdetect/snippets.vim
continuing in /usr/share/nvim/runtime/filetype.vim
chdir(/home/simrat39/dotfiles/.config/nvim)
chdir(/home/simrat39/.config/nvim/autoload/plugged/nvim-treesitter/ftdetect)
chdir(/home/simrat39/dotfiles/.config/nvim)
line 2229: sourcing "/home/simrat39/.config/nvim/autoload/plugged/nvim-treesitter/ftdetect/query.vim"
finished sourcing /home/simrat39/.config/nvim/autoload/plugged/nvim-treesitter/ftdetect/query.vim
continuing in /usr/share/nvim/runtime/filetype.vim
chdir(/home/simrat39/dotfiles/.config/nvim)
chdir(/usr/share/vim/vimfiles/ftdetect)
chdir(/home/simrat39/dotfiles/.config/nvim)
line 2229: sourcing "/usr/share/vim/vimfiles/ftdetect/PKGBUILD.vim"
finished sourcing /usr/share/vim/vimfiles/ftdetect/PKGBUILD.vim
continuing in /usr/share/nvim/runtime/filetype.vim
not found in 'packpath': "pack/*/start/*/ftdetect/*.vim"
finished sourcing /usr/share/nvim/runtime/filetype.vim
continuing in function plug#end
not found in 'packpath': "pack/*/start/*/filetype.vim"
chdir(/home/simrat39/dotfiles/.config/nvim)
chdir(/usr/share/nvim/runtime)
chdir(/home/simrat39/dotfiles/.config/nvim)
line 83: sourcing "/usr/share/nvim/runtime/ftplugin.vim"
finished sourcing /usr/share/nvim/runtime/ftplugin.vim
continuing in function plug#end
not found in 'packpath': "pack/*/start/*/ftplugin.vim"
chdir(/home/simrat39/dotfiles/.config/nvim)
chdir(/usr/share/nvim/runtime)
chdir(/home/simrat39/dotfiles/.config/nvim)
line 83: sourcing "/usr/share/nvim/runtime/indent.vim"
finished sourcing /usr/share/nvim/runtime/indent.vim
continuing in function plug#end
not found in 'packpath': "pack/*/start/*/indent.vim"
finished sourcing /home/simrat39/.config/nvim/novs/vim-plug/plugins.vim
continuing in /home/simrat39/dotfiles/.config/nvim/novs/init.vim
chdir(/home/simrat39/dotfiles/.config/nvim)
chdir(/home/simrat39/.config/nvim/novs/plug-config)
chdir(/home/simrat39/dotfiles/.config/nvim)
line 4: sourcing "/home/simrat39/.config/nvim/novs/plug-config/airline.vim"
chdir(/home/simrat39/dotfiles/.config/nvim)
chdir(/home/simrat39/.config/nvim/autoload/plugged/vim-airline/autoload/airline)
chdir(/home/simrat39/dotfiles/.config/nvim)
line 12: sourcing "/home/simrat39/.config/nvim/autoload/plugged/vim-airline/autoload/airline/section.vim"
chdir(/home/simrat39/dotfiles/.config/nvim)
chdir(/home/simrat39/.config/nvim/autoload/plugged/vim-airline/autoload/airline)
chdir(/home/simrat39/dotfiles/.config/nvim)
line 6: sourcing "/home/simrat39/.config/nvim/autoload/plugged/vim-airline/autoload/airline/init.vim"
finished sourcing /home/simrat39/.config/nvim/autoload/plugged/vim-airline/autoload/airline/init.vim
continuing in /home/simrat39/dotfiles/.config/nvim/autoload/plugged/vim-airline/autoload/airline/section.vim
chdir(/home/simrat39/dotfiles/.config/nvim)
chdir(/home/simrat39/.config/nvim/autoload/plugged/vim-airline/autoload/airline)
chdir(/home/simrat39/dotfiles/.config/nvim)
line 122: sourcing "/home/simrat39/.config/nvim/autoload/plugged/vim-airline/autoload/airline/parts.vim"
finished sourcing /home/simrat39/.config/nvim/autoload/plugged/vim-airline/autoload/airline/parts.vim
continuing in function airline#init#bootstrap
chdir(/home/simrat39/dotfiles/.config/nvim)
chdir(/home/simrat39/.config/nvim/autoload/plugged/vim-airline/autoload/airline/formatter)
chdir(/home/simrat39/dotfiles/.config/nvim)
line 135: sourcing "/home/simrat39/.config/nvim/autoload/plugged/vim-airline/autoload/airline/formatter/short_path.vim"
finished sourcing /home/simrat39/.config/nvim/autoload/plugged/vim-airline/autoload/airline/formatter/short_path.vim
continuing in function airline#init#bootstrap
finished sourcing /home/simrat39/.config/nvim/autoload/plugged/vim-airline/autoload/airline/section.vim
continuing in /home/simrat39/dotfiles/.config/nvim/novs/plug-config/airline.vim
finished sourcing /home/simrat39/.config/nvim/novs/plug-config/airline.vim
continuing in /home/simrat39/dotfiles/.config/nvim/novs/init.vim
chdir(/home/simrat39/dotfiles/.config/nvim)
chdir(/home/simrat39/.config/nvim/novs/plug-config)
chdir(/home/simrat39/dotfiles/.config/nvim)
line 5: sourcing "/home/simrat39/.config/nvim/novs/plug-config/rnvimr.vim"
finished sourcing /home/simrat39/.config/nvim/novs/plug-config/rnvimr.vim
continuing in /home/simrat39/dotfiles/.config/nvim/novs/init.vim
chdir(/home/simrat39/dotfiles/.config/nvim)
chdir(/home/simrat39/.config/nvim/novs/plug-config)
chdir(/home/simrat39/dotfiles/.config/nvim)
line 6: sourcing "/home/simrat39/.config/nvim/novs/plug-config/vim-commentary.vim"
finished sourcing /home/simrat39/.config/nvim/novs/plug-config/vim-commentary.vim
continuing in /home/simrat39/dotfiles/.config/nvim/novs/init.vim
chdir(/home/simrat39/dotfiles/.config/nvim)
chdir(/home/simrat39/.config/nvim/novs/plug-config)
chdir(/home/simrat39/dotfiles/.config/nvim)
line 7: sourcing "/home/simrat39/.config/nvim/novs/plug-config/searching.vim"
finished sourcing /home/simrat39/.config/nvim/novs/plug-config/searching.vim
continuing in /home/simrat39/dotfiles/.config/nvim/novs/init.vim
chdir(/home/simrat39/dotfiles/.config/nvim)
chdir(/home/simrat39/.config/nvim/novs/plug-config)
chdir(/home/simrat39/dotfiles/.config/nvim)
line 8: sourcing "/home/simrat39/.config/nvim/novs/plug-config/coc.vim"
finished sourcing /home/simrat39/.config/nvim/novs/plug-config/coc.vim
continuing in /home/simrat39/dotfiles/.config/nvim/novs/init.vim
chdir(/home/simrat39/dotfiles/.config/nvim)
chdir(/home/simrat39/.config/nvim/novs/plug-config)
chdir(/home/simrat39/dotfiles/.config/nvim)
line 9: sourcing "/home/simrat39/.config/nvim/novs/plug-config/signify.vim"
finished sourcing /home/simrat39/.config/nvim/novs/plug-config/signify.vim
continuing in /home/simrat39/dotfiles/.config/nvim/novs/init.vim
chdir(/home/simrat39/dotfiles/.config/nvim)
chdir(/home/simrat39/.config/nvim/autoload/plugged/dracula/colors)
chdir(/home/simrat39/dotfiles/.config/nvim)
line 11: sourcing "/home/simrat39/.config/nvim/autoload/plugged/dracula/colors/dracula.vim"
chdir(/home/simrat39/dotfiles/.config/nvim)
chdir(/usr/share/nvim/runtime/syntax)
chdir(/home/simrat39/dotfiles/.config/nvim)
line 20: sourcing "/usr/share/nvim/runtime/syntax/syncolor.vim"
finished sourcing /usr/share/nvim/runtime/syntax/syncolor.vim
continuing in /home/simrat39/dotfiles/.config/nvim/autoload/plugged/dracula/colors/dracula.vim
not found in 'packpath': "pack/*/start/*/syntax/syncolor.vim"
chdir(/home/simrat39/dotfiles/.config/nvim)
chdir(/usr/share/nvim/runtime/syntax)
chdir(/home/simrat39/dotfiles/.config/nvim)
line 22: sourcing "/usr/share/nvim/runtime/syntax/syncolor.vim"
finished sourcing /usr/share/nvim/runtime/syntax/syncolor.vim
continuing in /home/simrat39/dotfiles/.config/nvim/autoload/plugged/dracula/colors/dracula.vim
not found in 'packpath': "pack/*/start/*/syntax/syncolor.vim"
chdir(/home/simrat39/dotfiles/.config/nvim)
chdir(/home/simrat39/.config/nvim/autoload/plugged/dracula/autoload)
chdir(/home/simrat39/dotfiles/.config/nvim)
line 34: sourcing "/home/simrat39/.config/nvim/autoload/plugged/dracula/autoload/dracula.vim"
finished sourcing /home/simrat39/.config/nvim/autoload/plugged/dracula/autoload/dracula.vim
continuing in /home/simrat39/dotfiles/.config/nvim/autoload/plugged/dracula/colors/dracula.vim
finished sourcing /home/simrat39/.config/nvim/autoload/plugged/dracula/colors/dracula.vim
continuing in /home/simrat39/dotfiles/.config/nvim/novs/init.vim
finished sourcing /home/simrat39/.config/nvim/novs/init.vim
continuing in /home/simrat39/dotfiles/.config/nvim/init.vim
finished sourcing /home/simrat39/.config/nvim/init.vim
not found in 'packpath': "pack/*/start/*"
chdir(/home/simrat39/dotfiles/.config/nvim)
chdir(/home/simrat39/.config/nvim/autoload/plugged/auto-pairs/plugin)
chdir(/home/simrat39/dotfiles/.config/nvim)
sourcing "/home/simrat39/.config/nvim/autoload/plugged/auto-pairs/plugin/auto-pairs.vim"
finished sourcing /home/simrat39/.config/nvim/autoload/plugged/auto-pairs/plugin/auto-pairs.vim
chdir(/home/simrat39/dotfiles/.config/nvim)
chdir(/home/simrat39/.config/nvim/autoload/plugged/vim-airline/plugin)
chdir(/home/simrat39/dotfiles/.config/nvim)
sourcing "/home/simrat39/.config/nvim/autoload/plugged/vim-airline/plugin/airline.vim"
chdir(/home/simrat39/dotfiles/.config/nvim)
chdir(/home/simrat39/.config/nvim/autoload/plugged/vim-airline/autoload/airline)
chdir(/home/simrat39/dotfiles/.config/nvim)
line 71: sourcing "/home/simrat39/.config/nvim/autoload/plugged/vim-airline/autoload/airline/util.vim"
finished sourcing /home/simrat39/.config/nvim/autoload/plugged/vim-airline/autoload/airline/util.vim
continuing in function <SNR>31_airline_toggle
finished sourcing /home/simrat39/.config/nvim/autoload/plugged/vim-airline/plugin/airline.vim
chdir(/home/simrat39/dotfiles/.config/nvim)
chdir(/home/simrat39/.config/nvim/autoload/plugged/rnvimr/plugin)
chdir(/home/simrat39/dotfiles/.config/nvim)
sourcing "/home/simrat39/.config/nvim/autoload/plugged/rnvimr/plugin/rnvimr.vim"
finished sourcing /home/simrat39/.config/nvim/autoload/plugged/rnvimr/plugin/rnvimr.vim
chdir(/home/simrat39/dotfiles/.config/nvim)
chdir(/home/simrat39/.config/nvim/autoload/plugged/vim-commentary/plugin)
chdir(/home/simrat39/dotfiles/.config/nvim)
sourcing "/home/simrat39/.config/nvim/autoload/plugged/vim-commentary/plugin/commentary.vim"
finished sourcing /home/simrat39/.config/nvim/autoload/plugged/vim-commentary/plugin/commentary.vim
chdir(/home/simrat39/dotfiles/.config/nvim)
chdir(/home/simrat39/.config/nvim/autoload/plugged/nvim-colorizer.lua/plugin)
chdir(/home/simrat39/dotfiles/.config/nvim)
sourcing "/home/simrat39/.config/nvim/autoload/plugged/nvim-colorizer.lua/plugin/colorizer.vim"
finished sourcing /home/simrat39/.config/nvim/autoload/plugged/nvim-colorizer.lua/plugin/colorizer.vim
chdir(/home/simrat39/dotfiles/.config/nvim)
chdir(/home/simrat39/.config/nvim/autoload/plugged/fzf/plugin)
chdir(/home/simrat39/dotfiles/.config/nvim)
sourcing "/home/simrat39/.config/nvim/autoload/plugged/fzf/plugin/fzf.vim"
finished sourcing /home/simrat39/.config/nvim/autoload/plugged/fzf/plugin/fzf.vim
chdir(/home/simrat39/dotfiles/.config/nvim)
chdir(/home/simrat39/.config/nvim/autoload/plugged/fzf.vim/plugin)
chdir(/home/simrat39/dotfiles/.config/nvim)
sourcing "/home/simrat39/.config/nvim/autoload/plugged/fzf.vim/plugin/fzf.vim"
finished sourcing /home/simrat39/.config/nvim/autoload/plugged/fzf.vim/plugin/fzf.vim
chdir(/home/simrat39/dotfiles/.config/nvim)
chdir(/home/simrat39/.config/nvim/autoload/plugged/vim-rooter/plugin)
chdir(/home/simrat39/dotfiles/.config/nvim)
sourcing "/home/simrat39/.config/nvim/autoload/plugged/vim-rooter/plugin/rooter.vim"
finished sourcing /home/simrat39/.config/nvim/autoload/plugged/vim-rooter/plugin/rooter.vim
chdir(/home/simrat39/dotfiles/.config/nvim)
chdir(/home/simrat39/.config/nvim/autoload/plugged/coc.nvim/plugin)
chdir(/home/simrat39/dotfiles/.config/nvim)
sourcing "/home/simrat39/.config/nvim/autoload/plugged/coc.nvim/plugin/coc.vim"
chdir(/home/simrat39/dotfiles/.config/nvim)
chdir(/home/simrat39/.config/nvim/autoload/plugged/coc.nvim/autoload/coc)
chdir(/home/simrat39/dotfiles/.config/nvim)
line 49: sourcing "/home/simrat39/.config/nvim/autoload/plugged/coc.nvim/autoload/coc/rpc.vim"
finished sourcing /home/simrat39/.config/nvim/autoload/plugged/coc.nvim/autoload/coc/rpc.vim
continuing in /home/simrat39/dotfiles/.config/nvim/autoload/plugged/coc.nvim/plugin/coc.vim
chdir(/home/simrat39/dotfiles/.config/nvim)
chdir(/home/simrat39/.config/nvim/autoload/plugged/coc.nvim/autoload/coc)
chdir(/home/simrat39/dotfiles/.config/nvim)
line 10: sourcing "/home/simrat39/.config/nvim/autoload/plugged/coc.nvim/autoload/coc/util.vim"
finished sourcing /home/simrat39/.config/nvim/autoload/plugged/coc.nvim/autoload/coc/util.vim
continuing in function coc#rpc#start_server
chdir(/home/simrat39/dotfiles/.config/nvim)
chdir(/home/simrat39/.config/nvim/autoload/plugged/coc.nvim/autoload/coc)
chdir(/home/simrat39/dotfiles/.config/nvim)
line 14: sourcing "/home/simrat39/.config/nvim/autoload/plugged/coc.nvim/autoload/coc/client.vim"
finished sourcing /home/simrat39/.config/nvim/autoload/plugged/coc.nvim/autoload/coc/client.vim
continuing in function coc#rpc#start_server
finished sourcing /home/simrat39/.config/nvim/autoload/plugged/coc.nvim/plugin/coc.vim
chdir(/home/simrat39/dotfiles/.config/nvim)
chdir(/home/simrat39/.config/nvim/autoload/plugged/vim-signify/plugin)
chdir(/home/simrat39/dotfiles/.config/nvim)
sourcing "/home/simrat39/.config/nvim/autoload/plugged/vim-signify/plugin/signify.vim"
finished sourcing /home/simrat39/.config/nvim/autoload/plugged/vim-signify/plugin/signify.vim
chdir(/home/simrat39/dotfiles/.config/nvim)
chdir(/home/simrat39/.config/nvim/autoload/plugged/codi.vim/plugin)
chdir(/home/simrat39/dotfiles/.config/nvim)
sourcing "/home/simrat39/.config/nvim/autoload/plugged/codi.vim/plugin/codi.vim"
finished sourcing /home/simrat39/.config/nvim/autoload/plugged/codi.vim/plugin/codi.vim
chdir(/home/simrat39/dotfiles/.config/nvim)
chdir(/home/simrat39/.config/nvim/autoload/plugged/ultisnips/plugin)
chdir(/home/simrat39/dotfiles/.config/nvim)
sourcing "/home/simrat39/.config/nvim/autoload/plugged/ultisnips/plugin/UltiSnips.vim"
chdir(/home/simrat39/dotfiles/.config/nvim)
chdir(/home/simrat39/.config/nvim/autoload/plugged/ultisnips/autoload/UltiSnips)
chdir(/home/simrat39/dotfiles/.config/nvim)
line 28: sourcing "/home/simrat39/.config/nvim/autoload/plugged/ultisnips/autoload/UltiSnips/map_keys.vim"
finished sourcing /home/simrat39/.config/nvim/autoload/plugged/ultisnips/autoload/UltiSnips/map_keys.vim
continuing in /home/simrat39/dotfiles/.config/nvim/autoload/plugged/ultisnips/plugin/UltiSnips.vim
finished sourcing /home/simrat39/.config/nvim/autoload/plugged/ultisnips/plugin/UltiSnips.vim
chdir(/home/simrat39/dotfiles/.config/nvim)
chdir(/home/simrat39/.config/nvim/autoload/plugged/tagbar/plugin)
chdir(/home/simrat39/dotfiles/.config/nvim)
sourcing "/home/simrat39/.config/nvim/autoload/plugged/tagbar/plugin/tagbar.vim"
finished sourcing /home/simrat39/.config/nvim/autoload/plugged/tagbar/plugin/tagbar.vim
chdir(/home/simrat39/dotfiles/.config/nvim)
chdir(/home/simrat39/.config/nvim/autoload/plugged/discord.nvim/plugin)
chdir(/home/simrat39/dotfiles/.config/nvim)
sourcing "/home/simrat39/.config/nvim/autoload/plugged/discord.nvim/plugin/discord.vim"
chdir(/home/simrat39/dotfiles/.config/nvim)
chdir(/usr/share/nvim/runtime/autoload/provider)
chdir(/home/simrat39/dotfiles/.config/nvim)
line 9: sourcing "/usr/share/nvim/runtime/autoload/provider/python3.vim"
chdir(/home/simrat39/dotfiles/.config/nvim)
chdir(/usr/share/nvim/runtime/autoload/provider)
chdir(/home/simrat39/dotfiles/.config/nvim)
line 10: sourcing "/usr/share/nvim/runtime/autoload/provider/pythonx.vim"
finished sourcing /usr/share/nvim/runtime/autoload/provider/pythonx.vim
continuing in /usr/share/nvim/runtime/autoload/provider/python3.vim
Executing command: "'/sbin/python3' '-c' 'import sys; sys.path = list(filter(lambda x: x != "", sys.path)); sys.stdout.write(str(sys.version_info[0]) + "." + str(sys.version_info[1])); import pkgutil; exit(2*int(pkgutil.get_loader("neovim") is None))'"


chdir(/home/simrat39/dotfiles/.config/nvim)
chdir(/usr/share/nvim/runtime/autoload/remote)
chdir(/home/simrat39/dotfiles/.config/nvim)
line 23: sourcing "/usr/share/nvim/runtime/autoload/remote/host.vim"
finished sourcing /usr/share/nvim/runtime/autoload/remote/host.vim
continuing in /usr/share/nvim/runtime/autoload/provider/python3.vim
finished sourcing /usr/share/nvim/runtime/autoload/provider/python3.vim
continuing in /home/simrat39/dotfiles/.config/nvim/autoload/plugged/discord.nvim/plugin/discord.vim
finished sourcing /home/simrat39/.config/nvim/autoload/plugged/discord.nvim/plugin/discord.vim
chdir(/home/simrat39/dotfiles/.config/nvim)
chdir(/home/simrat39/.config/nvim/autoload/plugged/nvim-treesitter/plugin)
chdir(/home/simrat39/dotfiles/.config/nvim)
sourcing "/home/simrat39/.config/nvim/autoload/plugged/nvim-treesitter/plugin/nvim-treesitter.vim"
not found in 'runtimepath': "lua/vim/treesitter/languagetree.lua"
not found in 'packpath': "pack/*/start/*/lua/vim/treesitter/languagetree.lua"
not found in 'runtimepath': "lua/vim/treesitter/languagetree/init.lua"
not found in 'packpath': "pack/*/start/*/lua/vim/treesitter/languagetree/init.lua"
not found in 'runtimepath': "lua//vim/treesitter/languagetree.so"
not found in 'packpath': "pack/*/start/*/lua//vim/treesitter/languagetree.so"
                                                                             Error detected while processing /home/simrat39/dotfiles/.config/nvim/autoload/plugged/nvim-treesitter/plugin/nvim-treesitter.vim:
line   15:
E5108: Error executing lua ...autoload/plugged/nvim-treesitter/lua/nvim-treesitter.lua:2: nvim-treesitter requires a more recent Neovim nightly version!
finished sourcing /home/simrat39/.config/nvim/autoload/plugged/nvim-treesitter/plugin/nvim-treesitter.vim
chdir(/home/simrat39/dotfiles/.config/nvim)
chdir(/home/simrat39/.config/nvim/autoload/plugged/nvim-web-devicons/plugin)
chdir(/home/simrat39/dotfiles/.config/nvim)
sourcing "/home/simrat39/.config/nvim/autoload/plugged/nvim-web-devicons/plugin/nvim-web-devicons.vim"
finished sourcing /home/simrat39/.config/nvim/autoload/plugged/nvim-web-devicons/plugin/nvim-web-devicons.vim
chdir(/home/simrat39/dotfiles/.config/nvim)
chdir(/home/simrat39/.config/nvim/autoload/plugged/plenary.nvim/plugin)
chdir(/home/simrat39/dotfiles/.config/nvim)
sourcing "/home/simrat39/.config/nvim/autoload/plugged/plenary.nvim/plugin/plenary.vim"
not found in 'runtimepath': "lua/plenary/neorocks.lua"
not found in 'packpath': "pack/*/start/*/lua/plenary/neorocks.lua"
not found in 'runtimepath': "lua/ffi.lua"
not found in 'packpath': "pack/*/start/*/lua/ffi.lua"
not found in 'runtimepath': "lua/ffi/init.lua"
not found in 'packpath': "pack/*/start/*/lua/ffi/init.lua"
not found in 'runtimepath': "lua//ffi.so"
not found in 'packpath': "pack/*/start/*/lua//ffi.so"
finished sourcing /home/simrat39/.config/nvim/autoload/plugged/plenary.nvim/plugin/plenary.vim
chdir(/home/simrat39/dotfiles/.config/nvim)
chdir(/home/simrat39/.config/nvim/autoload/plugged/telescope.nvim/plugin)
chdir(/home/simrat39/dotfiles/.config/nvim)
sourcing "/home/simrat39/.config/nvim/autoload/plugged/telescope.nvim/plugin/telescope.vim"
finished sourcing /home/simrat39/.config/nvim/autoload/plugged/telescope.nvim/plugin/telescope.vim
chdir(/home/simrat39/dotfiles/.config/nvim)
chdir(/usr/share/nvim/runtime/plugin)
chdir(/home/simrat39/dotfiles/.config/nvim)
sourcing "/usr/share/nvim/runtime/plugin/gzip.vim"
finished sourcing /usr/share/nvim/runtime/plugin/gzip.vim
chdir(/home/simrat39/dotfiles/.config/nvim)
chdir(/usr/share/nvim/runtime/plugin)
chdir(/home/simrat39/dotfiles/.config/nvim)
sourcing "/usr/share/nvim/runtime/plugin/health.vim"
finished sourcing /usr/share/nvim/runtime/plugin/health.vim
chdir(/home/simrat39/dotfiles/.config/nvim)
chdir(/usr/share/nvim/runtime/plugin)
chdir(/home/simrat39/dotfiles/.config/nvim)
sourcing "/usr/share/nvim/runtime/plugin/man.vim"
finished sourcing /usr/share/nvim/runtime/plugin/man.vim
chdir(/home/simrat39/dotfiles/.config/nvim)
chdir(/usr/share/nvim/runtime/plugin)
chdir(/home/simrat39/dotfiles/.config/nvim)
sourcing "/usr/share/nvim/runtime/plugin/matchit.vim"
not found in 'packpath': "pack/*/start/matchit"
chdir(/home/simrat39/dotfiles/.config/nvim)
chdir(/usr/share/nvim/runtime)
chdir(/home/simrat39/dotfiles/.config/nvim)
chdir(/home/simrat39/dotfiles/.config/nvim)
chdir(/home/simrat39/.config/nvim)
chdir(/home/simrat39/dotfiles/.config/nvim)
chdir(/home/simrat39/dotfiles/.config/nvim)
chdir(/home/simrat39/.config/nvim/autoload/plugged/auto-pairs)
chdir(/home/simrat39/dotfiles/.config/nvim)
chdir(/home/simrat39/dotfiles/.config/nvim)
chdir(/home/simrat39/.config/nvim/autoload/plugged/vim-airline)
chdir(/home/simrat39/dotfiles/.config/nvim)
chdir(/home/simrat39/dotfiles/.config/nvim)
chdir(/home/simrat39/.config/nvim/autoload/plugged/rnvimr)
chdir(/home/simrat39/dotfiles/.config/nvim)
chdir(/home/simrat39/dotfiles/.config/nvim)
chdir(/home/simrat39/.config/nvim/autoload/plugged/vim-commentary)
chdir(/home/simrat39/dotfiles/.config/nvim)
chdir(/home/simrat39/dotfiles/.config/nvim)
chdir(/home/simrat39/.config/nvim/autoload/plugged/nvim-colorizer.lua)
chdir(/home/simrat39/dotfiles/.config/nvim)
chdir(/home/simrat39/dotfiles/.config/nvim)
chdir(/home/simrat39/.config/nvim/autoload/plugged/dracula)
chdir(/home/simrat39/dotfiles/.config/nvim)
chdir(/home/simrat39/dotfiles/.config/nvim)
chdir(/home/simrat39/.config/nvim/autoload/plugged/fzf)
chdir(/home/simrat39/dotfiles/.config/nvim)
chdir(/home/simrat39/dotfiles/.config/nvim)
chdir(/home/simrat39/.config/nvim/autoload/plugged/fzf.vim)
chdir(/home/simrat39/dotfiles/.config/nvim)
chdir(/home/simrat39/dotfiles/.config/nvim)
chdir(/home/simrat39/.config/nvim/autoload/plugged/vim-rooter)
chdir(/home/simrat39/dotfiles/.config/nvim)
chdir(/home/simrat39/dotfiles/.config/nvim)
chdir(/home/simrat39/.config/nvim/autoload/plugged/coc.nvim)
chdir(/home/simrat39/dotfiles/.config/nvim)
chdir(/home/simrat39/dotfiles/.config/nvim)
chdir(/home/simrat39/.config/nvim/autoload/plugged/vim-signify)
chdir(/home/simrat39/dotfiles/.config/nvim)
chdir(/home/simrat39/dotfiles/.config/nvim)
chdir(/home/simrat39/.config/nvim/autoload/plugged/codi.vim)
chdir(/home/simrat39/dotfiles/.config/nvim)
chdir(/home/simrat39/dotfiles/.config/nvim)
chdir(/home/simrat39/.config/nvim/autoload/plugged/ultisnips)
chdir(/home/simrat39/dotfiles/.config/nvim)
chdir(/home/simrat39/dotfiles/.config/nvim)
chdir(/home/simrat39/.config/nvim/autoload/plugged/tagbar)
chdir(/home/simrat39/dotfiles/.config/nvim)
chdir(/home/simrat39/dotfiles/.config/nvim)
chdir(/home/simrat39/.config/nvim/autoload/plugged/discord.nvim)
chdir(/home/simrat39/dotfiles/.config/nvim)
chdir(/home/simrat39/dotfiles/.config/nvim)
chdir(/home/simrat39/.config/nvim/autoload/plugged/nvim-treesitter)
chdir(/home/simrat39/dotfiles/.config/nvim)
chdir(/home/simrat39/dotfiles/.config/nvim)
chdir(/home/simrat39/.config/nvim/autoload/plugged/nvim-web-devicons)
chdir(/home/simrat39/dotfiles/.config/nvim)
chdir(/home/simrat39/dotfiles/.config/nvim)
chdir(/home/simrat39/.config/nvim/autoload/plugged/popup.nvim)
chdir(/home/simrat39/dotfiles/.config/nvim)
chdir(/home/simrat39/dotfiles/.config/nvim)
chdir(/home/simrat39/.config/nvim/autoload/plugged/plenary.nvim)
chdir(/home/simrat39/dotfiles/.config/nvim)
chdir(/home/simrat39/dotfiles/.config/nvim)
chdir(/home/simrat39/.config/nvim/autoload/plugged/telescope.nvim)
chdir(/home/simrat39/dotfiles/.config/nvim)
chdir(/home/simrat39/dotfiles/.config/nvim)
chdir(/etc/xdg/nvim)
chdir(/home/simrat39/dotfiles/.config/nvim)
chdir(/home/simrat39/dotfiles/.config/nvim)
chdir(/home/simrat39/.local/share/nvim/site)
chdir(/home/simrat39/dotfiles/.config/nvim)
chdir(/home/simrat39/dotfiles/.config/nvim)
chdir(/usr/local/share/nvim/site)
chdir(/home/simrat39/dotfiles/.config/nvim)
chdir(/home/simrat39/dotfiles/.config/nvim)
chdir(/usr/share/nvim/site)
chdir(/home/simrat39/dotfiles/.config/nvim)
chdir(/home/simrat39/dotfiles/.config/nvim)
chdir(/var/lib/snapd/desktop/nvim/site)
chdir(/home/simrat39/dotfiles/.config/nvim)
chdir(/home/simrat39/dotfiles/.config/nvim)
chdir(/usr/share/nvim/runtime)
chdir(/home/simrat39/dotfiles/.config/nvim)
chdir(/home/simrat39/dotfiles/.config/nvim)
chdir(/usr/share/nvim/runtime/pack/dist/opt)
chdir(/home/simrat39/dotfiles/.config/nvim)
chdir(/home/simrat39/dotfiles/.config/nvim)
chdir(/usr/share/nvim/runtime/pack/dist/opt/matchit/plugin)
chdir(/home/simrat39/dotfiles/.config/nvim)
line 3: sourcing "/usr/share/nvim/runtime/pack/dist/opt/matchit/plugin/matchit.vim"
finished sourcing /usr/share/nvim/runtime/pack/dist/opt/matchit/plugin/matchit.vim
continuing in /usr/share/nvim/runtime/plugin/matchit.vim
finished sourcing /usr/share/nvim/runtime/plugin/matchit.vim
chdir(/home/simrat39/dotfiles/.config/nvim)
chdir(/usr/share/nvim/runtime/plugin)
chdir(/home/simrat39/dotfiles/.config/nvim)
sourcing "/usr/share/nvim/runtime/plugin/matchparen.vim"
finished sourcing /usr/share/nvim/runtime/plugin/matchparen.vim
chdir(/home/simrat39/dotfiles/.config/nvim)
chdir(/usr/share/nvim/runtime/plugin)
chdir(/home/simrat39/dotfiles/.config/nvim)
sourcing "/usr/share/nvim/runtime/plugin/netrwPlugin.vim"
finished sourcing /usr/share/nvim/runtime/plugin/netrwPlugin.vim
chdir(/home/simrat39/dotfiles/.config/nvim)
chdir(/usr/share/nvim/runtime/plugin)
chdir(/home/simrat39/dotfiles/.config/nvim)
sourcing "/usr/share/nvim/runtime/plugin/rplugin.vim"
chdir(/home/simrat39/dotfiles/.config/nvim)
chdir(/home/simrat39/.local/share/nvim)
chdir(/home/simrat39/dotfiles/.config/nvim)
line 3: sourcing "/home/simrat39/.local/share/nvim/rplugin.vim"
chdir(/home/simrat39/dotfiles/.config/nvim)
chdir(/usr/share/nvim/runtime/autoload/remote)
chdir(/home/simrat39/dotfiles/.config/nvim)
line 31: sourcing "/usr/share/nvim/runtime/autoload/remote/define.vim"
finished sourcing /usr/share/nvim/runtime/autoload/remote/define.vim
continuing in function remote#host#RegisterPlugin
finished sourcing /home/simrat39/.local/share/nvim/rplugin.vim
continuing in function <SNR>63_LoadRemotePlugins
finished sourcing /usr/share/nvim/runtime/plugin/rplugin.vim
chdir(/home/simrat39/dotfiles/.config/nvim)
chdir(/usr/share/nvim/runtime/plugin)
chdir(/home/simrat39/dotfiles/.config/nvim)
sourcing "/usr/share/nvim/runtime/plugin/shada.vim"
finished sourcing /usr/share/nvim/runtime/plugin/shada.vim
chdir(/home/simrat39/dotfiles/.config/nvim)
chdir(/usr/share/nvim/runtime/plugin)
chdir(/home/simrat39/dotfiles/.config/nvim)
sourcing "/usr/share/nvim/runtime/plugin/spellfile.vim"
finished sourcing /usr/share/nvim/runtime/plugin/spellfile.vim
chdir(/home/simrat39/dotfiles/.config/nvim)
chdir(/usr/share/nvim/runtime/plugin)
chdir(/home/simrat39/dotfiles/.config/nvim)
sourcing "/usr/share/nvim/runtime/plugin/tarPlugin.vim"
finished sourcing /usr/share/nvim/runtime/plugin/tarPlugin.vim
chdir(/home/simrat39/dotfiles/.config/nvim)
chdir(/usr/share/nvim/runtime/plugin)
chdir(/home/simrat39/dotfiles/.config/nvim)
sourcing "/usr/share/nvim/runtime/plugin/tohtml.vim"
finished sourcing /usr/share/nvim/runtime/plugin/tohtml.vim
chdir(/home/simrat39/dotfiles/.config/nvim)
chdir(/usr/share/nvim/runtime/plugin)
chdir(/home/simrat39/dotfiles/.config/nvim)
sourcing "/usr/share/nvim/runtime/plugin/tutor.vim"
finished sourcing /usr/share/nvim/runtime/plugin/tutor.vim
chdir(/home/simrat39/dotfiles/.config/nvim)
chdir(/usr/share/nvim/runtime/plugin)
chdir(/home/simrat39/dotfiles/.config/nvim)
sourcing "/usr/share/nvim/runtime/plugin/zipPlugin.vim"
finished sourcing /usr/share/nvim/runtime/plugin/zipPlugin.vim
chdir(/home/simrat39/dotfiles/.config/nvim)
chdir(/usr/share/vim/vimfiles/plugin)
chdir(/home/simrat39/dotfiles/.config/nvim)
sourcing "/usr/share/vim/vimfiles/plugin/fzf.vim"
finished sourcing /usr/share/vim/vimfiles/plugin/fzf.vim
not found in 'packpath': "pack/*/start/*"
chdir(/home/simrat39/dotfiles/.config/nvim)
chdir(/home/simrat39/.config/nvim/autoload/plugged/dracula/after/plugin)
chdir(/home/simrat39/dotfiles/.config/nvim)
sourcing "/home/simrat39/.config/nvim/autoload/plugged/dracula/after/plugin/dracula.vim"
not found in 'runtimepath': "lua/gitsigns.lua"
not found in 'packpath': "pack/*/start/*/lua/gitsigns.lua"
not found in 'runtimepath': "lua/gitsigns/init.lua"
not found in 'packpath': "pack/*/start/*/lua/gitsigns/init.lua"
not found in 'runtimepath': "lua//gitsigns.so"
not found in 'packpath': "pack/*/start/*/lua//gitsigns.so"
finished sourcing /home/simrat39/.config/nvim/autoload/plugged/dracula/after/plugin/dracula.vim
chdir(/home/simrat39/dotfiles/.config/nvim)
chdir(/home/simrat39/.config/nvim/autoload/plugged/ultisnips/after/plugin)
chdir(/home/simrat39/dotfiles/.config/nvim)
sourcing "/home/simrat39/.config/nvim/autoload/plugged/ultisnips/after/plugin/UltiSnips_after.vim"
finished sourcing /home/simrat39/.config/nvim/autoload/plugged/ultisnips/after/plugin/UltiSnips_after.vim
not found in 'packpath': "pack/*/start/*/plugin/**/*.vim"
Reading ShaDa file "/home/simrat39/.local/share/nvim/shada/main.shada" info marks oldfiles
"init.vim" 5L, 115C
Reading ShaDa file "/home/simrat39/.local/share/nvim/shada/main.shada" marks
Executing BufReadPost Autocommands for "*.vim"
autocommand setf vim

Executing FileType Autocommands for "*"
autocommand exe "set syntax=" . expand("<amatch>")

Executing Syntax Autocommands for "*"
autocommand call s:SynSet()

chdir(/home/simrat39/dotfiles/.config/nvim)
chdir(/usr/share/nvim/runtime/syntax)
chdir(/home/simrat39/dotfiles/.config/nvim)
line 24: sourcing "/usr/share/nvim/runtime/syntax/vim.vim"
finished sourcing /usr/share/nvim/runtime/syntax/vim.vim
continuing in function <SNR>6_SynSet
chdir(/home/simrat39/dotfiles/.config/nvim)
chdir(/usr/share/nvim/runtime/syntax/vim)
chdir(/home/simrat39/dotfiles/.config/nvim)
line 24: sourcing "/usr/share/nvim/runtime/syntax/vim/generated.vim"
finished sourcing /usr/share/nvim/runtime/syntax/vim/generated.vim
continuing in function <SNR>6_SynSet
chdir(/home/simrat39/dotfiles/.config/nvim)
chdir(/home/simrat39/.config/nvim/autoload/plugged/dracula/after/syntax)
chdir(/home/simrat39/dotfiles/.config/nvim)
line 24: sourcing "/home/simrat39/.config/nvim/autoload/plugged/dracula/after/syntax/vim.vim"
finished sourcing /home/simrat39/.config/nvim/autoload/plugged/dracula/after/syntax/vim.vim
continuing in function <SNR>6_SynSet
chdir(/home/simrat39/dotfiles/.config/nvim)
chdir(/usr/share/nvim/runtime/syntax/vim)
chdir(/home/simrat39/dotfiles/.config/nvim)
line 24: sourcing "/usr/share/nvim/runtime/syntax/vim/generated.vim"
finished sourcing /usr/share/nvim/runtime/syntax/vim/generated.vim
continuing in function <SNR>6_SynSet
Executing FileType Autocommands for "*"
autocommand call s:LoadFTPlugin()

chdir(/home/simrat39/dotfiles/.config/nvim)
chdir(/usr/share/nvim/runtime/ftplugin)
chdir(/home/simrat39/dotfiles/.config/nvim)
line 17: sourcing "/usr/share/nvim/runtime/ftplugin/vim.vim"
finished sourcing /usr/share/nvim/runtime/ftplugin/vim.vim
continuing in function <SNR>16_LoadFTPlugin
not found in 'packpath': "pack/*/start/*/ftplugin/vim.vim ftplugin/vim_*.vim ftplugin/vim/*.vim"
Executing FileType Autocommands for "*"
autocommand call s:LoadIndent()

chdir(/home/simrat39/dotfiles/.config/nvim)
chdir(/usr/share/nvim/runtime/indent)
chdir(/home/simrat39/dotfiles/.config/nvim)
line 14: sourcing "/usr/share/nvim/runtime/indent/vim.vim"
finished sourcing /usr/share/nvim/runtime/indent/vim.vim
continuing in function <SNR>17_LoadIndent
not found in 'packpath': "pack/*/start/*/indent/vim.vim"
Executing FileType Autocommands for "*"
autocommand call <sid>on_window_changed('FileType')

chdir(/home/simrat39/dotfiles/.config/nvim)
chdir(/home/simrat39/.config/nvim/autoload/plugged/vim-airline/autoload/airline)
chdir(/home/simrat39/dotfiles/.config/nvim)
line 6: sourcing "/home/simrat39/.config/nvim/autoload/plugged/vim-airline/autoload/airline/extensions.vim"
finished sourcing /home/simrat39/.config/nvim/autoload/plugged/vim-airline/autoload/airline/extensions.vim
continuing in function <SNR>31_on_window_changed[22]..<SNR>31_init
chdir(/home/simrat39/dotfiles/.config/nvim)
chdir(/home/simrat39/.config/nvim/autoload/plugged/vim-airline/autoload/airline/extensions)
chdir(/home/simrat39/dotfiles/.config/nvim)
line 16: sourcing "/home/simrat39/.config/nvim/autoload/plugged/vim-airline/autoload/airline/extensions/quickfix.vim"
finished sourcing /home/simrat39/.config/nvim/autoload/plugged/vim-airline/autoload/airline/extensions/quickfix.vim
continuing in function <SNR>31_on_window_changed[22]..<SNR>31_init[6]..airline#extensions#load
chdir(/home/simrat39/dotfiles/.config/nvim)
chdir(/home/simrat39/.config/nvim/autoload/plugged/vim-airline/autoload)
chdir(/home/simrat39/dotfiles/.config/nvim)
line 1: sourcing "/home/simrat39/.config/nvim/autoload/plugged/vim-airline/autoload/airline.vim"
finished sourcing /home/simrat39/.config/nvim/autoload/plugged/vim-airline/autoload/airline.vim
continuing in function <SNR>31_on_window_changed[22]..<SNR>31_init[6]..airline#extensions#load[16]..airline#extensions#quickfix#init[1]..1
chdir(/home/simrat39/dotfiles/.config/nvim)
chdir(/home/simrat39/.config/nvim/autoload/plugged/vim-airline/autoload/airline/extensions)
chdir(/home/simrat39/dotfiles/.config/nvim)
line 40: sourcing "/home/simrat39/.config/nvim/autoload/plugged/vim-airline/autoload/airline/extensions/netrw.vim"
finished sourcing /home/simrat39/.config/nvim/autoload/plugged/vim-airline/autoload/airline/extensions/netrw.vim
continuing in function <SNR>31_on_window_changed[22]..<SNR>31_init[6]..airline#extensions#load
chdir(/home/simrat39/dotfiles/.config/nvim)
chdir(/home/simrat39/.config/nvim/autoload/plugged/vim-airline/autoload/airline/extensions)
chdir(/home/simrat39/dotfiles/.config/nvim)
line 46: sourcing "/home/simrat39/.config/nvim/autoload/plugged/vim-airline/autoload/airline/extensions/fzf.vim"
finished sourcing /home/simrat39/.config/nvim/autoload/plugged/vim-airline/autoload/airline/extensions/fzf.vim
continuing in function <SNR>31_on_window_changed[22]..<SNR>31_init[6]..airline#extensions#load
chdir(/home/simrat39/dotfiles/.config/nvim)
chdir(/home/simrat39/.config/nvim/autoload/plugged/vim-airline/autoload/airline/extensions)
chdir(/home/simrat39/dotfiles/.config/nvim)
line 58: sourcing "/home/simrat39/.config/nvim/autoload/plugged/vim-airline/autoload/airline/extensions/term.vim"
chdir(/home/simrat39/dotfiles/.config/nvim)
chdir(/home/simrat39/.config/nvim/autoload/plugged/vim-airline/autoload/airline)
chdir(/home/simrat39/dotfiles/.config/nvim)
line 2: sourcing "/home/simrat39/.config/nvim/autoload/plugged/vim-airline/autoload/airline/highlighter.vim"
finished sourcing /home/simrat39/.config/nvim/autoload/plugged/vim-airline/autoload/airline/highlighter.vim
continuing in function airline#section#create_left[1]..<SNR>19_create[51]..<SNR>19_wrap_accent
finished sourcing /home/simrat39/.config/nvim/autoload/plugged/vim-airline/autoload/airline/extensions/term.vim
continuing in function <SNR>31_on_window_changed[22]..<SNR>31_init[6]..airline#extensions#load
chdir(/home/simrat39/dotfiles/.config/nvim)
chdir(/home/simrat39/.config/nvim/autoload/plugged/vim-airline/autoload/airline/extensions)
chdir(/home/simrat39/dotfiles/.config/nvim)
line 102: sourcing "/home/simrat39/.config/nvim/autoload/plugged/vim-airline/autoload/airline/extensions/hunks.vim"
finished sourcing /home/simrat39/.config/nvim/autoload/plugged/vim-airline/autoload/airline/extensions/hunks.vim
continuing in function <SNR>31_on_window_changed[22]..<SNR>31_init[6]..airline#extensions#load
chdir(/home/simrat39/dotfiles/.config/nvim)
chdir(/home/simrat39/.config/nvim/autoload/plugged/vim-airline/autoload/airline/extensions)
chdir(/home/simrat39/dotfiles/.config/nvim)
line 114: sourcing "/home/simrat39/.config/nvim/autoload/plugged/vim-airline/autoload/airline/extensions/tagbar.vim"
finished sourcing /home/simrat39/.config/nvim/autoload/plugged/vim-airline/autoload/airline/extensions/tagbar.vim
continuing in function <SNR>31_on_window_changed[22]..<SNR>31_init[6]..airline#extensions#load
chdir(/home/simrat39/dotfiles/.config/nvim)
chdir(/home/simrat39/.config/nvim/autoload/plugged/vim-airline/autoload/airline/extensions)
chdir(/home/simrat39/dotfiles/.config/nvim)
line 208: sourcing "/home/simrat39/.config/nvim/autoload/plugged/vim-airline/autoload/airline/extensions/nvimlsp.vim"
finished sourcing /home/simrat39/.config/nvim/autoload/plugged/vim-airline/autoload/airline/extensions/nvimlsp.vim
continuing in function <SNR>31_on_window_changed[22]..<SNR>31_init[6]..airline#extensions#load
chdir(/home/simrat39/dotfiles/.config/nvim)
chdir(/home/simrat39/.config/nvim/autoload/plugged/vim-airline/autoload/airline/extensions)
chdir(/home/simrat39/dotfiles/.config/nvim)
line 213: sourcing "/home/simrat39/.config/nvim/autoload/plugged/vim-airline/autoload/airline/extensions/coc.vim"
finished sourcing /home/simrat39/.config/nvim/autoload/plugged/vim-airline/autoload/airline/extensions/coc.vim
continuing in function <SNR>31_on_window_changed[22]..<SNR>31_init[6]..airline#extensions#load
chdir(/home/simrat39/dotfiles/.config/nvim)
chdir(/home/simrat39/.config/nvim/autoload/plugged/vim-airline/autoload/airline/extensions)
chdir(/home/simrat39/dotfiles/.config/nvim)
line 223: sourcing "/home/simrat39/.config/nvim/autoload/plugged/vim-airline/autoload/airline/extensions/whitespace.vim"
finished sourcing /home/simrat39/.config/nvim/autoload/plugged/vim-airline/autoload/airline/extensions/whitespace.vim
continuing in function <SNR>31_on_window_changed[22]..<SNR>31_init[6]..airline#extensions#load
chdir(/home/simrat39/dotfiles/.config/nvim)
chdir(/home/simrat39/.config/nvim/autoload/plugged/vim-airline/autoload/airline/extensions)
chdir(/home/simrat39/dotfiles/.config/nvim)
line 233: sourcing "/home/simrat39/.config/nvim/autoload/plugged/vim-airline/autoload/airline/extensions/po.vim"
finished sourcing /home/simrat39/.config/nvim/autoload/plugged/vim-airline/autoload/airline/extensions/po.vim
continuing in function <SNR>31_on_window_changed[22]..<SNR>31_init[6]..airline#extensions#load
chdir(/home/simrat39/dotfiles/.config/nvim)
chdir(/home/simrat39/.config/nvim/autoload/plugged/vim-airline/autoload/airline/extensions)
chdir(/home/simrat39/dotfiles/.config/nvim)
line 238: sourcing "/home/simrat39/.config/nvim/autoload/plugged/vim-airline/autoload/airline/extensions/wordcount.vim"
finished sourcing /home/simrat39/.config/nvim/autoload/plugged/vim-airline/autoload/airline/extensions/wordcount.vim
continuing in function <SNR>31_on_window_changed[22]..<SNR>31_init[6]..airline#extensions#load
chdir(/home/simrat39/dotfiles/.config/nvim)
chdir(/home/simrat39/.config/nvim/autoload/plugged/vim-airline/autoload/airline/extensions)
chdir(/home/simrat39/dotfiles/.config/nvim)
line 243: sourcing "/home/simrat39/.config/nvim/autoload/plugged/vim-airline/autoload/airline/extensions/tabline.vim"
finished sourcing /home/simrat39/.config/nvim/autoload/plugged/vim-airline/autoload/airline/extensions/tabline.vim
continuing in function <SNR>31_on_window_changed[22]..<SNR>31_init[6]..airline#extensions#load
chdir(/home/simrat39/dotfiles/.config/nvim)
chdir(/home/simrat39/.config/nvim/autoload/plugged/vim-airline/autoload/airline/extensions/tabline)
chdir(/home/simrat39/dotfiles/.config/nvim)
line 6: sourcing "/home/simrat39/.config/nvim/autoload/plugged/vim-airline/autoload/airline/extensions/tabline/autoshow.vim"
finished sourcing /home/simrat39/.config/nvim/autoload/plugged/vim-airline/autoload/airline/extensions/tabline/autoshow.vim
continuing in function <SNR>31_on_window_changed[22]..<SNR>31_init[6]..airline#extensions#load[243]..airline#extensions#tabline#init[8]..<SNR>94_toggle_on
chdir(/home/simrat39/dotfiles/.config/nvim)
chdir(/home/simrat39/.config/nvim/autoload/plugged/vim-airline/autoload/airline/extensions/tabline)
chdir(/home/simrat39/dotfiles/.config/nvim)
line 7: sourcing "/home/simrat39/.config/nvim/autoload/plugged/vim-airline/autoload/airline/extensions/tabline/tabs.vim"
finished sourcing /home/simrat39/.config/nvim/autoload/plugged/vim-airline/autoload/airline/extensions/tabline/tabs.vim
continuing in function <SNR>31_on_window_changed[22]..<SNR>31_init[6]..airline#extensions#load[243]..airline#extensions#tabline#init[8]..<SNR>94_toggle_on
chdir(/home/simrat39/dotfiles/.config/nvim)
chdir(/home/simrat39/.config/nvim/autoload/plugged/vim-airline/autoload/airline/extensions/tabline)
chdir(/home/simrat39/dotfiles/.config/nvim)
line 8: sourcing "/home/simrat39/.config/nvim/autoload/plugged/vim-airline/autoload/airline/extensions/tabline/buffers.vim"
finished sourcing /home/simrat39/.config/nvim/autoload/plugged/vim-airline/autoload/airline/extensions/tabline/buffers.vim
continuing in function <SNR>31_on_window_changed[22]..<SNR>31_init[6]..airline#extensions#load[243]..airline#extensions#tabline#init[8]..<SNR>94_toggle_on
chdir(/home/simrat39/dotfiles/.config/nvim)
chdir(/home/simrat39/.config/nvim/autoload/plugged/vim-airline/autoload/airline/extensions)
chdir(/home/simrat39/dotfiles/.config/nvim)
line 293: sourcing "/home/simrat39/.config/nvim/autoload/plugged/vim-airline/autoload/airline/extensions/keymap.vim"
finished sourcing /home/simrat39/.config/nvim/autoload/plugged/vim-airline/autoload/airline/extensions/keymap.vim
continuing in function <SNR>31_on_window_changed[22]..<SNR>31_init[6]..airline#extensions#load
not found in 'runtimepath': "autoload/vimtex.vim"
not found in 'packpath': "pack/*/start/*/autoload/vimtex.vim"
chdir(/home/simrat39/dotfiles/.config/nvim)
chdir(/home/simrat39/.config/nvim/autoload/plugged/dracula/autoload/airline/themes)
chdir(/home/simrat39/dotfiles/.config/nvim)
line 14: sourcing "/home/simrat39/.config/nvim/autoload/plugged/dracula/autoload/airline/themes/dracula.vim"
chdir(/home/simrat39/dotfiles/.config/nvim)
chdir(/home/simrat39/.config/nvim/autoload/plugged/vim-airline/autoload/airline)
chdir(/home/simrat39/dotfiles/.config/nvim)
line 4: sourcing "/home/simrat39/.config/nvim/autoload/plugged/vim-airline/autoload/airline/themes.vim"
finished sourcing /home/simrat39/.config/nvim/autoload/plugged/vim-airline/autoload/airline/themes.vim
continuing in function <SNR>99_color_map
finished sourcing /home/simrat39/.config/nvim/autoload/plugged/dracula/autoload/airline/themes/dracula.vim
continuing in function <SNR>31_on_window_changed[22]..<SNR>31_init[29]..<SNR>31_on_colorscheme_changed[5]..airline#switch_matching_theme[5]..airline#switch_theme
chdir(/home/simrat39/dotfiles/.config/nvim)
chdir(/home/simrat39/.config/nvim/autoload/plugged/vim-airline/autoload/airline)
chdir(/home/simrat39/dotfiles/.config/nvim)
line 1: sourcing "/home/simrat39/.config/nvim/autoload/plugged/vim-airline/autoload/airline/builder.vim"
finished sourcing /home/simrat39/.config/nvim/autoload/plugged/vim-airline/autoload/airline/builder.vim
continuing in function <SNR>31_on_window_changed[22]..<SNR>31_init[29]..<SNR>31_on_colorscheme_changed[5]..airline#switch_matching_theme[5]..airline#switch_theme[35]..airline#load_theme[16]..airline#update_statusline[14]..<SNR>82_invoke_funcrefs
chdir(/home/simrat39/dotfiles/.config/nvim)
chdir(/home/simrat39/.config/nvim/autoload/plugged/vim-airline/autoload/airline/extensions)
chdir(/home/simrat39/dotfiles/.config/nvim)
line 2: sourcing "/home/simrat39/.config/nvim/autoload/plugged/vim-airline/autoload/airline/extensions/default.vim"
finished sourcing /home/simrat39/.config/nvim/autoload/plugged/vim-airline/autoload/airline/extensions/default.vim
continuing in function <SNR>31_on_window_changed[22]..<SNR>31_init[29]..<SNR>31_on_colorscheme_changed[5]..airline#switch_matching_theme[5]..airline#switch_theme[35]..airline#load_theme[16]..airline#update_statusline[14]..<SNR>82_invoke_funcrefs[2]..airline#util#exec_funcrefs
Executing User Autocommands for "AirlineModeChanged"
autocommand call airline#mode_changed()

Executing FileType Autocommands for "*"
autocommand call s:Autocmd('FileType', expand('<amatch>'), +expand('<abuf>'))

Executing BufReadPost Autocommands for "*"
autocommand if !did_filetype() && expand("<amatch>") !~ g:ft_ignore_pat | runtime! scripts.vim | endif

Executing BufReadPost Autocommands for "*"
autocommand if !did_filetype() && expand("<amatch>") !~ g:ft_ignore_pat    && (getline(1) =~ '^#' || getline(2) =~ '^#' || getline(3) =~ '^#'^I|| getline(4) =~ '^#' || getline(5) =~ '^#') |   setf FALLBACK conf | endif

Executing BufReadPost Autocommands for "*"
autocommand if !g:rooter_manual_only | Rooter | endif

chdir(/home/simrat39/dotfiles)
Executing DirChanged Autocommands for "*"
autocommand call s:Autocmd('DirChanged', get(v:event, 'cwd', ''))

/home/simrat39/dotfiles
chdir(/home/simrat39/dotfiles)
chdir(/home/simrat39/.config/nvim/autoload/plugged/vim-airline/autoload/airline/extensions/tabline)
chdir(/home/simrat39/dotfiles)
line 9: sourcing "/home/simrat39/.config/nvim/autoload/plugged/vim-airline/autoload/airline/extensions/tabline/ctrlspace.vim"
finished sourcing /home/simrat39/.config/nvim/autoload/plugged/vim-airline/autoload/airline/extensions/tabline/ctrlspace.vim
continuing in function <SNR>38_rooter[14]..<SNR>38_cd[3]..airline#extensions#tabline#get
chdir(/home/simrat39/dotfiles)
chdir(/home/simrat39/.config/nvim/autoload/plugged/vim-airline/autoload/airline/extensions/tabline)
chdir(/home/simrat39/dotfiles)
line 10: sourcing "/home/simrat39/.config/nvim/autoload/plugged/vim-airline/autoload/airline/extensions/tabline/tabws.vim"
finished sourcing /home/simrat39/.config/nvim/autoload/plugged/vim-airline/autoload/airline/extensions/tabline/tabws.vim
continuing in function <SNR>38_rooter[14]..<SNR>38_cd[3]..airline#extensions#tabline#get
chdir(/home/simrat39/dotfiles)
chdir(/home/simrat39/.config/nvim/autoload/plugged/vim-airline/autoload/airline/extensions/tabline)
chdir(/home/simrat39/dotfiles)
line 15: sourcing "/home/simrat39/.config/nvim/autoload/plugged/vim-airline/autoload/airline/extensions/tabline/builder.vim"
finished sourcing /home/simrat39/.config/nvim/autoload/plugged/vim-airline/autoload/airline/extensions/tabline/builder.vim
continuing in function <SNR>38_rooter[14]..<SNR>38_cd[3]..airline#extensions#tabline#get[24]..airline#extensions#tabline#buffers#get[13]..airline#extensions#tabline#new_builder
chdir(/home/simrat39/dotfiles)
chdir(/home/simrat39/.config/nvim/autoload/plugged/vim-airline/autoload/airline/extensions/tabline)
chdir(/home/simrat39/dotfiles)
line 27: sourcing "/home/simrat39/.config/nvim/autoload/plugged/vim-airline/autoload/airline/extensions/tabline/buflist.vim"
finished sourcing /home/simrat39/.config/nvim/autoload/plugged/vim-airline/autoload/airline/extensions/tabline/buflist.vim
continuing in function <SNR>38_rooter[14]..<SNR>38_cd[3]..airline#extensions#tabline#get[24]..airline#extensions#tabline#buffers#get
chdir(/home/simrat39/dotfiles)
chdir(/home/simrat39/.config/nvim/autoload/plugged/vim-airline/autoload/airline/extensions/tabline/formatters)
chdir(/home/simrat39/dotfiles)
line 3: sourcing "/home/simrat39/.config/nvim/autoload/plugged/vim-airline/autoload/airline/extensions/tabline/formatters/unique_tail.vim"
finished sourcing /home/simrat39/.config/nvim/autoload/plugged/vim-airline/autoload/airline/extensions/tabline/formatters/unique_tail.vim
continuing in function <SNR>38_rooter[14]..<SNR>38_cd[3]..airline#extensions#tabline#get[24]..airline#extensions#tabline#buffers#get[96]..15[38]..14[2]..<SNR>105_tabline_evaluated_length[1]..<SNR>105_evaluate_tabline[2]..airline#extensions#tabline#get_buffer_name
chdir(/home/simrat39/dotfiles)
chdir(/home/simrat39/.config/nvim/autoload/plugged/vim-airline/autoload/airline/extensions/tabline/formatters)
chdir(/home/simrat39/dotfiles)
line 19: sourcing "/home/simrat39/.config/nvim/autoload/plugged/vim-airline/autoload/airline/extensions/tabline/formatters/default.vim"
finished sourcing /home/simrat39/.config/nvim/autoload/plugged/vim-airline/autoload/airline/extensions/tabline/formatters/default.vim
continuing in function <SNR>38_rooter[14]..<SNR>38_cd[3]..airline#extensions#tabline#get[24]..airline#extensions#tabline#buffers#get[96]..15[38]..14[2]..<SNR>105_tabline_evaluated_length[1]..<SNR>105_evaluate_tabline[2]..airline#extensions#tabline#get_buffer_name[3]..airline#extensions#tabline#formatters#unique_tail#format
chdir(/home/simrat39/dotfiles)
chdir(/home/simrat39/.config/nvim/autoload/plugged/vim-signify/autoload)
chdir(/home/simrat39/dotfiles)
line 2: sourcing "/home/simrat39/.config/nvim/autoload/plugged/vim-signify/autoload/sy.vim"
finished sourcing /home/simrat39/.config/nvim/autoload/plugged/vim-signify/autoload/sy.vim
continuing in function <SNR>38_rooter[14]..<SNR>38_cd[3]..airline#extensions#hunks#get_hunks[15]..airline#extensions#hunks#get_raw_hunks
chdir(/home/simrat39/dotfiles)
chdir(/home/simrat39/.config/nvim/autoload/plugged/tagbar/autoload)
chdir(/home/simrat39/dotfiles)
line 6: sourcing "/home/simrat39/.config/nvim/autoload/plugged/tagbar/autoload/tagbar.vim"
filetype detection:ON  plugin:ON  indent:ON
finished sourcing /home/simrat39/.config/nvim/autoload/plugged/tagbar/autoload/tagbar.vim
continuing in function <SNR>38_rooter[14]..<SNR>38_cd[3]..airline#extensions#tagbar#currenttag
chdir(/home/simrat39/dotfiles)
chdir(/home/simrat39/.config/nvim/autoload/plugged/tagbar/autoload/tagbar)
chdir(/home/simrat39/dotfiles)
line 1: sourcing "/home/simrat39/.config/nvim/autoload/plugged/tagbar/autoload/tagbar/debug.vim"
finished sourcing /home/simrat39/.config/nvim/autoload/plugged/tagbar/autoload/tagbar/debug.vim
continuing in function <SNR>38_rooter[14]..<SNR>38_cd[3]..airline#extensions#tagbar#currenttag[6]..tagbar#currenttag[22]..<SNR>110_Init[4]..<SNR>110_CheckForExCtags
Executing command: "'/bin/zsh' '-c' ''ctags' --version'"


Executing command: "'/bin/zsh' '-c' ''ctags' --list-languages'"


chdir(/home/simrat39/dotfiles)
chdir(/home/simrat39/.config/nvim/autoload/plugged/tagbar/autoload/tagbar/types)
chdir(/home/simrat39/dotfiles)
line 6: sourcing "/home/simrat39/.config/nvim/autoload/plugged/tagbar/autoload/tagbar/types/uctags.vim"
finished sourcing /home/simrat39/.config/nvim/autoload/plugged/tagbar/autoload/tagbar/types/uctags.vim
continuing in function <SNR>38_rooter[14]..<SNR>38_cd[3]..airline#extensions#tagbar#currenttag[6]..tagbar#currenttag[22]..<SNR>110_Init[10]..<SNR>110_InitTypes
chdir(/home/simrat39/dotfiles)
chdir(/home/simrat39/.config/nvim/autoload/plugged/tagbar/autoload/tagbar/prototypes)
chdir(/home/simrat39/dotfiles)
line 4: sourcing "/home/simrat39/.config/nvim/autoload/plugged/tagbar/autoload/tagbar/prototypes/typeinfo.vim"
finished sourcing /home/simrat39/.config/nvim/autoload/plugged/tagbar/autoload/tagbar/prototypes/typeinfo.vim
continuing in function <SNR>38_rooter[14]..<SNR>38_cd[3]..airline#extensions#tagbar#currenttag[6]..tagbar#currenttag[22]..<SNR>110_Init[10]..<SNR>110_InitTypes[6]..tagbar#types#uctags#init
chdir(/home/simrat39/dotfiles)
chdir(.config/nvim)
chdir(/home/simrat39/dotfiles)
chdir(/home/simrat39/dotfiles)
chdir(/home/simrat39/.config/nvim/autoload/plugged/tagbar/autoload/tagbar/prototypes)
chdir(/home/simrat39/dotfiles)
line 37: sourcing "/home/simrat39/.config/nvim/autoload/plugged/tagbar/autoload/tagbar/prototypes/fileinfo.vim"
finished sourcing /home/simrat39/.config/nvim/autoload/plugged/tagbar/autoload/tagbar/prototypes/fileinfo.vim
continuing in function <SNR>38_rooter[14]..<SNR>38_cd[3]..airline#extensions#tagbar#currenttag[6]..tagbar#currenttag[22]..<SNR>110_Init[15]..<SNR>110_AutoUpdate[63]..<SNR>110_ProcessFile
Executing command: "'/bin/zsh' '-c' ''ctags' '--extras=+F' '-f' '-' '--format=2' '--excmd=pattern' '--fields=nksSafet' '--sort=no' '--append=no' '--language-force=vim' '--vim-kinds=nvfacm' '/tmp/nvimmtytWZ/2.vim''"


chdir(/home/simrat39/dotfiles)
chdir(/home/simrat39/.config/nvim/autoload/plugged/tagbar/autoload/tagbar)
chdir(/home/simrat39/dotfiles)
line 93: sourcing "/home/simrat39/.config/nvim/autoload/plugged/tagbar/autoload/tagbar/state.vim"
finished sourcing /home/simrat39/.config/nvim/autoload/plugged/tagbar/autoload/tagbar/state.vim
continuing in function <SNR>38_rooter[14]..<SNR>38_cd[3]..airline#extensions#tagbar#currenttag[6]..tagbar#currenttag[22]..<SNR>110_Init[15]..<SNR>110_AutoUpdate
cwd: /home/simrat39/dotfiles
Executing BufReadPost Autocommands for "*"
autocommand call s:Autocmd('BufCreate', +expand('<abuf>'))

Executing BufReadPost Autocommands for "*"
autocommand if !get(g:, 'signify_disable_by_default') |   call sy#start({'bufnr': bufnr('')}) | endif

chdir(/home/simrat39/dotfiles)
chdir(.config/nvim)
chdir(/home/simrat39/dotfiles)
[sy] Register new file: /home/simrat39/dotfiles/.config/nvim/init.vim
chdir(/home/simrat39/dotfiles)
chdir(/home/simrat39/.config/nvim/autoload/plugged/vim-signify/autoload/sy)
chdir(/home/simrat39/dotfiles)
line 16: sourcing "/home/simrat39/.config/nvim/autoload/plugged/vim-signify/autoload/sy/util.vim"
finished sourcing /home/simrat39/.config/nvim/autoload/plugged/vim-signify/autoload/sy/util.vim
continuing in function sy#start
chdir(/home/simrat39/dotfiles)
chdir(/home/simrat39/.config/nvim/autoload/plugged/vim-signify/autoload/sy)
chdir(/home/simrat39/dotfiles)
line 32: sourcing "/home/simrat39/.config/nvim/autoload/plugged/vim-signify/autoload/sy/repo.vim"
finished sourcing /home/simrat39/.config/nvim/autoload/plugged/vim-signify/autoload/sy/repo.vim
continuing in function sy#start
[sy:git] sy#repo#get_diff()
[sy:svn] sy#repo#get_diff()
Executing BufWinEnter Autocommands for "*"
autocommand call <sid>on_window_changed('BufWinEnter')

Executing BufWinEnter Autocommands for "*"
autocommand let g:fzf#vim#buffers[bufnr('')] = reltimefloat(reltime())

Executing BufWinEnter Autocommands for "*"
autocommand call s:Autocmd('BufWinEnter', +expand('<abuf>'), win_getid())

Executing BufEnter Autocommands for "*"
autocommand :call AutoPairsTryInit()

Executing BufEnter Autocommands for "*"
autocommand if !g:rooter_manual_only | Rooter | endif

chdir(/home/simrat39/dotfiles)
chdir(.config/nvim)
chdir(/home/simrat39/dotfiles)
Executing BufEnter Autocommands for "*"
autocommand call s:Autocmd('BufEnter', +expand('<abuf>'))

Executing BufEnter Autocommands for "*"
autocommand sil call s:LocalBrowse(expand("<amatch>"))

Executing BufEnter Autocommands for "*"
autocommand call remote#define#AutocmdBootstrap("python3", "/home/simrat39/dotfiles/.config/nvim/autoload/plugged/discord.nvim/rplugin/python3/discord:autocmd:BufEnter:*", v:true, "BufEnter", {'group': 'RPC_DEFINE_AUTOCMD_GROUP_1', 'pattern': '*'}, "\"doau RPC_DEFINE_AUTOCMD_GROUP_1 BufEnter \".fnameescape(expand(\"<amatch>\"))")

chdir(/home/simrat39/dotfiles)
chdir(/usr/share/nvim/runtime/autoload)
chdir(/home/simrat39/dotfiles)
line 14: sourcing "/usr/share/nvim/runtime/autoload/provider.vim"
finished sourcing /usr/share/nvim/runtime/autoload/provider.vim
continuing in function remote#define#AutocmdBootstrap[1]..remote#host#Require[10]..provider#pythonx#Require
Executing BufEnter Autocommands for "*"
autocommand call remote#define#request(6, "/home/simrat39/dotfiles/.config/nvim/autoload/plugged/discord.nvim/rplugin/python3/discord:autocmd:BufEnter:*")

chdir(/home/simrat39/dotfiles)
chdir(/home/simrat39/.config/nvim/autoload/plugged/discord.nvim/autoload)
chdir(/home/simrat39/dotfiles)
line 2: sourcing "/home/simrat39/.config/nvim/autoload/plugged/discord.nvim/autoload/discord.vim"
finished sourcing /home/simrat39/.config/nvim/autoload/plugged/discord.nvim/autoload/discord.vim
continuing in function remote#define#request
Executing BufEnter Autocommands for "*"
autocommand if expand('<amatch>') !~ '__Tagbar__.*' |     let s:last_alt_bufnr = bufnr('#') | endif

autocommand call s:AutoUpdate(fnamemodify(expand('<afile>'), ':p'), 0)

chdir(/home/simrat39/dotfiles)
chdir(.config/nvim)
chdir(/home/simrat39/dotfiles)
Executing BufEnter Autocommands for "<buffer=1>"
autocommand call sy#start()

[sy] Don't run Sy more than once during startup.
Executing VimEnter Autocommands for "*"
autocommand call <sid>on_window_changed('VimEnter')

Executing VimEnter Autocommands for "*"
autocommand silent! autocmd! FileExplorer

autocommand if isdirectory(expand('<amatch>')) | bwipeout! | call rnvimr#open(expand('<amatch>')) | endif | execute(printf("autocmd RnvimrFileExplorer BufEnter * %s", "call rnvimr#enter_dir(expand('<amatch>'))"))

Executing VimEnter Autocommands for "*"
autocommand if !g:rooter_manual_only | Rooter | endif

chdir(/home/simrat39/dotfiles)
chdir(.config/nvim)
chdir(/home/simrat39/dotfiles)
Executing VimEnter Autocommands for "*"
autocommand call coc#rpc#notify('VimEnter', [])

Executing VimEnter Autocommands for "*"
autocommand call remote#define#AutocmdBootstrap("python3", "/home/simrat39/dotfiles/.config/nvim/autoload/plugged/discord.nvim/rplugin/python3/discord:autocmd:VimEnter:*", v:true, "VimEnter", {'group': 'RPC_DEFINE_AUTOCMD_GROUP_2', 'pattern': '*'}, "\"doau RPC_DEFINE_AUTOCMD_GROUP_2 VimEnter \".fnameescape(expand(\"<amatch>\"))")

Executing VimEnter Autocommands for "*"
autocommand call remote#define#request(6, "/home/simrat39/dotfiles/.config/nvim/autoload/plugged/discord.nvim/rplugin/python3/discord:autocmd:VimEnter:*")

Executing VimEnter Autocommands for "*"
autocommand call s:CorrectFocusOnStartup()

chdir(/home/simrat39/dotfiles)
chdir(/usr/share/nvim/runtime/autoload/provider)
chdir(/home/simrat39/dotfiles)
sourcing "/usr/share/nvim/runtime/autoload/provider/clipboard.vim"
finished sourcing /usr/share/nvim/runtime/autoload/provider/clipboard.vim
Executing CursorMoved Autocommands for "*"
autocommand call <sid>on_cursor_moved()

Executing CursorMoved Autocommands for "*"
autocommand call coc#float#nvim_refresh_scrollbar(win_getid())

chdir(/home/simrat39/dotfiles)
chdir(/home/simrat39/.config/nvim/autoload/plugged/coc.nvim/autoload/coc)
chdir(/home/simrat39/dotfiles)
line 0: sourcing "/home/simrat39/.config/nvim/autoload/plugged/coc.nvim/autoload/coc/float.vim"
finished sourcing /home/simrat39/.config/nvim/autoload/plugged/coc.nvim/autoload/coc/float.vim
continuing in CursorMoved Autocommands for "*"
autocommand call s:Autocmd('CursorMoved', +expand('<abuf>'), [line('.'), col('.')])

Executing CursorMoved Autocommands for "*"
autocommand call s:Highlight_Matching_Pair()


--- Terminal info --- {{{
&term: xterm-kitty
Description: KovIdTTY
Aliases: xterm-kitty
Boolean capabilities:
  auto_left_margin          bw         = false
  auto_right_margin         am         = true
  no_esc_ctlc               xsb        = false
  ceol_standout_glitch      xhp        = false
  eat_newline_glitch        xenl       = true
  erase_overstrike          eo         = false
  generic_type              gn         = false
  hard_copy                 hc         = false
  has_meta_key              km         = true
  has_status_line           hs         = true
  insert_null_glitch        in         = false
  memory_above              da         = false
  memory_below              db         = false
  move_insert_mode          mir        = true
  move_standout_mode        msgr       = true
  over_strike               os         = false
  status_line_esc_ok        eslok      = false
  dest_tabs_magic_smso      xt         = false
  tilde_glitch              hz         = false
  transparent_underline     ul         = false
  xon_xoff                  xon        = false
  needs_xon_xoff            nxon       = false
  prtr_silent               mc5i       = true
  hard_cursor               chts       = false
  non_rev_rmcup             nrrmc      = false
  no_pad_char               npc        = true
  non_dest_scroll_region    ndscr      = false
  can_change                ccc        = true
  back_color_erase          bce        = false
  hue_lightness_saturation  hls        = false
  col_addr_glitch           xhpa       = false
  cr_cancels_micro_mode     crxm       = false
  has_print_wheel           daisy      = false
  row_addr_glitch           xvpa       = false
  semi_auto_right_margin    sam        = false
  cpi_changes_res           cpix       = false
  lpi_changes_res           lpix       = false
  backspaces_with_bs        OTbs       = false
  crt_no_scrolling          OTns       = false
  no_correctly_working_cr   OTnc       = false
  gnu_has_meta_key          OTMT       = false
  linefeed_is_newline       OTNL       = false
  has_hardware_tabs         OTpt       = false
  return_does_clr_eol       OTxr       = false
Numeric capabilities:
  columns                   cols       = 80
  init_tabs                 it         = 8
  lines                     lines      = 24
  lines_of_memory           lm         = -1
  magic_cookie_glitch       xmc        = -1
  padding_baud_rate         pb         = -1
  virtual_terminal          vt         = -1
  width_status_line         wsl        = -1
  num_labels                nlab       = -1
  label_height              lh         = -1
  label_width               lw         = -1
  max_attributes            ma         = -1
  maximum_windows           wnum       = -1
  max_colors                colors     = 256
  max_pairs                 pairs      = 32767
  no_color_video            ncv        = -1
  buffer_capacity           bufsz      = -1
  dot_vert_spacing          spinv      = -1
  dot_horz_spacing          spinh      = -1
  max_micro_address         maddr      = -1
  max_micro_jump            mjump      = -1
  micro_col_size            mcs        = -1
  micro_line_size           mls        = -1
  number_of_pins            npins      = -1
  output_res_char           orc        = -1
  output_res_line           orl        = -1
  output_res_horz_inch      orhi       = -1
  output_res_vert_inch      orvi       = -1
  print_rate                cps        = -1
  wide_char_size            widcs      = -1
  buttons                   btns       = -1
  bit_image_entwining       bitwin     = -1
  bit_image_type            bitype     = -1
  magic_cookie_glitch_ul    OTug       = -1
  carriage_return_delay     OTdC       = -1
  new_line_delay            OTdN       = -1
  backspace_delay           OTdB       = -1
  horizontal_tab_delay      OTdT       = -1
  number_of_function_keys   OTkn       = -1
String capabilities:
  back_tab                  cbt        = <Esc>[Z
  bell                      bel        = <C-G>
  carriage_return           cr         = <CR>
  change_scroll_region      csr        = <Esc>[%i%p1%d;%p2%dr
  clear_all_tabs            tbc        = <Esc>[3g
  clear_screen              clear      = <Esc>[H<Esc>[2J
  clr_eol                   el         = <Esc>[K
  clr_eos                   ed         = <Esc>[J
  column_address            hpa        = <Esc>[%i%p1%dG
  cursor_address            cup        = <Esc>[%i%p1%d;%p2%dH
  cursor_down               cud1       = <NL>
  cursor_home               home       = <Esc>[H
  cursor_invisible          civis      = <Esc>[?25l
  cursor_left               cub1       = <C-H>
  cursor_normal             cnorm      = <Esc>[?25h
  cursor_right              cuf1       = <Esc>[C
  cursor_up                 cuu1       = <Esc>[A
  cursor_visible            cvvis      = <Esc>[?12;25h
  delete_character          dch1       = <Esc>[P
  delete_line               dl1        = <Esc>[M
  dis_status_line           dsl        = <Esc>]2;<C-G>
  enter_alt_charset_mode    smacs      = <Esc>(0
  enter_bold_mode           bold       = <Esc>[1m
  enter_ca_mode             smcup      = <Esc>[?1049h
  enter_dim_mode            dim        = <Esc>[2m
  enter_insert_mode         smir       = <Esc>[4h
  enter_reverse_mode        rev        = <Esc>[7m
  enter_standout_mode       smso       = <Esc>[7m
  enter_underline_mode      smul       = <Esc>[4m
  erase_chars               ech        = <Esc>[%p1%dX
  exit_alt_charset_mode     rmacs      = <Esc>(B
  exit_attribute_mode       sgr0       = <Esc>(B<Esc>[m
  exit_ca_mode              rmcup      = <Esc>[?1049l
  exit_insert_mode          rmir       = <Esc>[4l
  exit_standout_mode        rmso       = <Esc>[27m
  exit_underline_mode       rmul       = <Esc>[24m
  flash_screen              flash      = <Esc>[?5h$<100/><Esc>[?5l
  from_status_line          fsl        = <C-G>
  insert_line               il1        = <Esc>[L
  key_backspace             kbs        = <^?>
  key_dc                    kdch1      = <Esc>[3~
  key_down                  kcud1      = <Esc>OB
  key_f1                    kf1        = <Esc>OP
  key_f10                   kf10       = <Esc>[21~
  key_f2                    kf2        = <Esc>OQ
  key_f3                    kf3        = <Esc>OR
  key_f4                    kf4        = <Esc>OS
  key_f5                    kf5        = <Esc>[15~
  key_f6                    kf6        = <Esc>[17~
  key_f7                    kf7        = <Esc>[18~
  key_f8                    kf8        = <Esc>[19~
  key_f9                    kf9        = <Esc>[20~
  key_home                  khome      = <Esc>OH
  key_ic                    kich1      = <Esc>[2~
  key_left                  kcub1      = <Esc>OD
  key_npage                 knp        = <Esc>[6~
  key_ppage                 kpp        = <Esc>[5~
  key_right                 kcuf1      = <Esc>OC
  key_sf                    kind       = <Esc>[1;2B
  key_sr                    kri        = <Esc>[1;2A
  key_up                    kcuu1      = <Esc>OA
  keypad_local              rmkx       = <Esc>[?1l
  keypad_xmit               smkx       = <Esc>[?1h
  parm_dch                  dch        = <Esc>[%p1%dP
  parm_delete_line          dl         = <Esc>[%p1%dM
  parm_down_cursor          cud        = <Esc>[%p1%dB
  parm_ich                  ich        = <Esc>[%p1%d@
  parm_index                indn       = <Esc>[%p1%dS
  parm_insert_line          il         = <Esc>[%p1%dL
  parm_left_cursor          cub        = <Esc>[%p1%dD
  parm_right_cursor         cuf        = <Esc>[%p1%dC
  parm_rindex               rin        = <Esc>[%p1%dT
  parm_up_cursor            cuu        = <Esc>[%p1%dA
  repeat_char               rep        = %p1%c<Esc>[%p2%{1}%-%db
  reset_1string             rs1        = <Esc>]<Esc>\<Esc>c
  restore_cursor            rc         = <Esc>8
  row_address               vpa        = <Esc>[%i%p1%dd
  save_cursor               sc         = <Esc>7
  scroll_forward            ind        = <NL>
  scroll_reverse            ri         = <Esc>M
  set_attributes            sgr        = %?%p9%t<Esc>(0%e<Esc>(B%;<Esc>[0%?%p6%t;1%;%?%p2%t;4%;%?%p1%p3%|%t;7%;%?%p4%t;5%;%?%p7%t;8%;m
  set_tab                   hts        = <Esc>H
  tab                       ht         = <Tab>
  to_status_line            tsl        = <Esc>]2;
  key_a1                    ka1        = 
  key_a3                    ka3        = 
  key_c1                    kc1        = 
  key_c3                    kc3        = 
  acs_chars                 acsc       = ++,,--..00``aaffgghhiijjkkllmmnnooppqqrrssttuuvvwwxxyyzz{{||}}~~
  key_btab                  kcbt       = <Esc>[Z
  enter_am_mode             smam       = <Esc>[?7h
  exit_am_mode              rmam       = <Esc>[?7l
  key_end                   kend       = <Esc>OF
  key_help                  khlp       = 
  key_undo                  kund       = 
  key_sdc                   kDC        = <Esc>[3;2~
  key_send                  kEND       = <Esc>[1;2F
  key_shome                 kHOM       = <Esc>[1;2H
  key_sic                   kIC        = <Esc>[2;2~
  key_sleft                 kLFT       = <Esc>[1;2D
  key_snext                 kNXT       = <Esc>[6;2~
  key_sprevious             kPRV       = <Esc>[5;2~
  key_sright                kRIT       = <Esc>[1;2C
  key_f11                   kf11       = <Esc>[23~
  key_f12                   kf12       = <Esc>[24~
  key_f13                   kf13       = <Esc>[1;2P
  key_f14                   kf14       = <Esc>[1;2Q
  key_f15                   kf15       = <Esc>[1;2R
  key_f16                   kf16       = <Esc>[1;2S
  key_f17                   kf17       = <Esc>[15;2~
  key_f18                   kf18       = <Esc>[17;2~
  key_f19                   kf19       = <Esc>[18;2~
  key_f20                   kf20       = <Esc>[19;2~
  key_f21                   kf21       = <Esc>[20;2~
  key_f22                   kf22       = <Esc>[21;2~
  key_f23                   kf23       = <Esc>[23;2~
  key_f24                   kf24       = <Esc>[24;2~
  key_f25                   kf25       = <Esc>[1;5P
  key_f26                   kf26       = <Esc>[1;5Q
  key_f27                   kf27       = <Esc>[1;5R
  key_f28                   kf28       = <Esc>[1;5S
  key_f29                   kf29       = <Esc>[15;5~
  key_f30                   kf30       = <Esc>[17;5~
  key_f31                   kf31       = <Esc>[18;5~
  key_f32                   kf32       = <Esc>[19;5~
  key_f33                   kf33       = <Esc>[20;5~
  key_f34                   kf34       = <Esc>[21;5~
  key_f35                   kf35       = <Esc>[23;5~
  key_f36                   kf36       = <Esc>[24;5~
  key_f37                   kf37       = <Esc>[1;6P
  key_f38                   kf38       = <Esc>[1;6Q
  key_f39                   kf39       = <Esc>[1;6R
  key_f40                   kf40       = <Esc>[1;6S
  key_f41                   kf41       = <Esc>[15;6~
  key_f42                   kf42       = <Esc>[17;6~
  key_f43                   kf43       = <Esc>[18;6~
  key_f44                   kf44       = <Esc>[19;6~
  key_f45                   kf45       = <Esc>[20;6~
  key_f46                   kf46       = <Esc>[21;6~
  key_f47                   kf47       = <Esc>[23;6~
  key_f48                   kf48       = <Esc>[24;6~
  key_f49                   kf49       = <Esc>[1;3P
  key_f50                   kf50       = <Esc>[1;3Q
  key_f51                   kf51       = <Esc>[1;3R
  key_f52                   kf52       = <Esc>[1;3S
  key_f53                   kf53       = <Esc>[15;3~
  key_f54                   kf54       = <Esc>[17;3~
  key_f55                   kf55       = <Esc>[18;3~
  key_f56                   kf56       = <Esc>[19;3~
  key_f57                   kf57       = <Esc>[20;3~
  key_f58                   kf58       = <Esc>[21;3~
  key_f59                   kf59       = <Esc>[23;3~
  key_f60                   kf60       = <Esc>[24;3~
  key_f61                   kf61       = <Esc>[1;4P
  key_f62                   kf62       = <Esc>[1;4Q
  key_f63                   kf63       = <Esc>[1;4R
  clr_bol                   el1        = <Esc>[1K
  orig_pair                 op         = <Esc>[39;49m
  orig_colors               oc         = <Esc>]104<C-G>
  initialize_color          initc      = <Esc>]4;%p1%d;rgb:%p2%{255}%*%{1000}%/%2.2X/%p3%{255}%*%{1000}%/%2.2X/%p4%{255}%*%{1000}%/%2.2X<Esc>\
  enter_italics_mode        sitm       = <Esc>[3m
  exit_italics_mode         ritm       = <Esc>[23m
  key_mouse                 kmous      = <Esc>[M
  set_a_foreground          setaf      = <Esc>[%?%p1%{8}%<%t3%p1%d%e%p1%{16}%<%t9%p1%{8}%-%d%e38;5;%p1%d%;m
  set_a_background          setab      = <Esc>[%?%p1%{8}%<%t4%p1%d%e%p1%{16}%<%t10%p1%{8}%-%d%e48;5;%p1%d%;m
  set_tb_margin             smgtb      = <Esc>[%i%p1%d;%p2%dr
Extended boolean capabilities:
  Su                        = true
  Tc                        = true
  fullkbd                   = true
Extended string capabilities:
  kDC3                      = <Esc>[3;3~
  kDC4                      = <Esc>[3;4~
  kDC5                      = <Esc>[3;5~
  kDC6                      = <Esc>[3;6~
  kDC7                      = <Esc>[3;7~
  kDN                       = <Esc>[1;2B
  kDN3                      = <Esc>[1;3B
  kDN4                      = <Esc>[1;4B
  kDN5                      = <Esc>[1;5B
  kDN6                      = <Esc>[1;6B
  kDN7                      = <Esc>[1;7B
  kEND3                     = <Esc>[1;3F
  kEND4                     = <Esc>[1;4F
  kEND5                     = <Esc>[1;5F
  kEND6                     = <Esc>[1;6F
  kEND7                     = <Esc>[1;7F
  kHOM3                     = <Esc>[1;3H
  kHOM4                     = <Esc>[1;4H
  kHOM5                     = <Esc>[1;5H
  kHOM6                     = <Esc>[1;6H
  kHOM7                     = <Esc>[1;7H
  kIC3                      = <Esc>[2;3~
  kIC4                      = <Esc>[2;4~
  kIC5                      = <Esc>[2;5~
  kIC6                      = <Esc>[2;6~
  kIC7                      = <Esc>[2;7~
  kLFT3                     = <Esc>[1;3D
  kLFT4                     = <Esc>[1;4D
  kLFT5                     = <Esc>[1;5D
  kLFT6                     = <Esc>[1;6D
  kLFT7                     = <Esc>[1;7D
  kNXT3                     = <Esc>[6;3~
  kNXT4                     = <Esc>[6;4~
  kNXT5                     = <Esc>[6;5~
  kNXT6                     = <Esc>[6;6~
  kNXT7                     = <Esc>[6;7~
  kPRV3                     = <Esc>[5;3~
  kPRV4                     = <Esc>[5;4~
  kPRV5                     = <Esc>[5;5~
  kPRV6                     = <Esc>[5;6~
  kPRV7                     = <Esc>[5;7~
  kRIT3                     = <Esc>[1;3C
  kRIT4                     = <Esc>[1;4C
  kRIT5                     = <Esc>[1;5C
  kRIT6                     = <Esc>[1;6C
  kRIT7                     = <Esc>[1;7C
  kUP                       = <Esc>[1;2A
  kUP3                      = <Esc>[1;3A
  kUP4                      = <Esc>[1;4A
  kUP5                      = <Esc>[1;5A
  kUP6                      = <Esc>[1;6A
  kUP7                      = <Esc>[1;7A
  rmxx                      = <Esc>[29m
  setrgbb                   = <Esc>[48:2:%p1%d:%p2%d:%p3%dm
  setrgbf                   = <Esc>[38:2:%p1%d:%p2%d:%p3%dm
  smxx                      = <Esc>[9m
  ext.get_bg                = <Esc>]11;?<C-G>
  Ss                        = <Esc>[%p1%d q
  Se                        = <Esc>[ q
  ext.resize_screen         = <Esc>[8;%p1%d;%p2%dt
  ext.reset_scroll_region   = <Esc>[r
  ext.set_cursor_color      = <Esc>]12;#%p1%06x<C-G>
  ext.reset_cursor_color    = <Esc>]112<C-G>
  ext.save_title            = <Esc>[22;0;0t
  ext.restore_title         = <Esc>[23;0;0t
  ext.enable_lr_margin      = <Esc>[?69h
  ext.disable_lr_margin     = <Esc>[?69l
  ext.enable_bpaste         = <Esc>[?2004h
  ext.disable_bpaste        = <Esc>[?2004l
  ext.enable_focus          = <Esc>[?1004h
  ext.disable_focus         = <Esc>[?1004l
  ext.enable_mouse          = <Esc>[?1002h<Esc>[?1006h
  ext.disable_mouse         = <Esc>[?1002l<Esc>[?1006l
  ext.set_underline_style   = <Esc>[4:%p1%dm
  ext.set_underline_color   = <Esc>[58:2::%p1%d:%p2%d:%p3%dm
}}}
